[0.029s] Invoking command in '/home/sandeep/bumperbot_ws/build/bumperbot_firmware': CMAKE_PREFIX_PATH=${CMAKE_PREFIX_PATH}:/opt/ros/jazzy DEBUGINFOD_URLS=https://debuginfod.ubuntu.com /usr/bin/cmake --build /home/sandeep/bumperbot_ws/build/bumperbot_firmware -- -j8 -l8
[0.112s] [ 33%] Built target bumperbot_firmware
[0.126s] [ 33%] Built target ament_cmake_python_copy_bumperbot_firmware
[0.135s] [ 66%] Built target simple_serial_receiver
[0.136s] [100%] Built target simple_serial_transmitter
[0.536s] running egg_info
[0.568s] writing bumperbot_firmware.egg-info/PKG-INFO
[0.569s] writing dependency_links to bumperbot_firmware.egg-info/dependency_links.txt
[0.569s] writing top-level names to bumperbot_firmware.egg-info/top_level.txt
[0.673s] reading manifest file 'bumperbot_firmware.egg-info/SOURCES.txt'
[0.674s] writing manifest file 'bumperbot_firmware.egg-info/SOURCES.txt'
[0.730s] [100%] Built target ament_cmake_python_build_bumperbot_firmware_egg
[0.767s] Invoked command in '/home/sandeep/bumperbot_ws/build/bumperbot_firmware' returned '0': CMAKE_PREFIX_PATH=${CMAKE_PREFIX_PATH}:/opt/ros/jazzy DEBUGINFOD_URLS=https://debuginfod.ubuntu.com /usr/bin/cmake --build /home/sandeep/bumperbot_ws/build/bumperbot_firmware -- -j8 -l8
[0.767s] Invoking command in '/home/sandeep/bumperbot_ws/build/bumperbot_firmware': CMAKE_PREFIX_PATH=${CMAKE_PREFIX_PATH}:/opt/ros/jazzy DEBUGINFOD_URLS=https://debuginfod.ubuntu.com /usr/bin/cmake --install /home/sandeep/bumperbot_ws/build/bumperbot_firmware
[0.769s] -- Install configuration: ""
[0.769s] -- Up-to-date: /home/sandeep/bumperbot_ws/install/bumperbot_firmware/share/bumperbot_firmware/environment/pythonpath.sh
[0.769s] -- Up-to-date: /home/sandeep/bumperbot_ws/install/bumperbot_firmware/share/bumperbot_firmware/environment/pythonpath.dsv
[0.769s] -- Up-to-date: /home/sandeep/bumperbot_ws/install/bumperbot_firmware/lib/python3.12/site-packages/bumperbot_firmware-0.0.0-py3.12.egg-info
[0.770s] -- Installing: /home/sandeep/bumperbot_ws/install/bumperbot_firmware/lib/python3.12/site-packages/bumperbot_firmware-0.0.0-py3.12.egg-info/PKG-INFO
[0.770s] -- Installing: /home/sandeep/bumperbot_ws/install/bumperbot_firmware/lib/python3.12/site-packages/bumperbot_firmware-0.0.0-py3.12.egg-info/dependency_links.txt
[0.770s] -- Installing: /home/sandeep/bumperbot_ws/install/bumperbot_firmware/lib/python3.12/site-packages/bumperbot_firmware-0.0.0-py3.12.egg-info/top_level.txt
[0.770s] -- Installing: /home/sandeep/bumperbot_ws/install/bumperbot_firmware/lib/python3.12/site-packages/bumperbot_firmware-0.0.0-py3.12.egg-info/SOURCES.txt
[0.770s] -- Up-to-date: /home/sandeep/bumperbot_ws/install/bumperbot_firmware/lib/python3.12/site-packages/bumperbot_firmware
[0.770s] -- Up-to-date: /home/sandeep/bumperbot_ws/install/bumperbot_firmware/lib/python3.12/site-packages/bumperbot_firmware/simple_serial_receiver.py
[0.770s] -- Up-to-date: /home/sandeep/bumperbot_ws/install/bumperbot_firmware/lib/python3.12/site-packages/bumperbot_firmware/simple_serial_transmitter.py
[0.770s] -- Up-to-date: /home/sandeep/bumperbot_ws/install/bumperbot_firmware/lib/python3.12/site-packages/bumperbot_firmware/mpu6050_driver.py
[0.770s] -- Up-to-date: /home/sandeep/bumperbot_ws/install/bumperbot_firmware/lib/python3.12/site-packages/bumperbot_firmware/__init__.py
[0.818s] Listing '/home/sandeep/bumperbot_ws/install/bumperbot_firmware/lib/python3.12/site-packages/bumperbot_firmware'...
[0.826s] -- Up-to-date: /home/sandeep/bumperbot_ws/install/bumperbot_firmware/share/bumperbot_firmware/bumperbot_interface.xml
[0.826s] -- Up-to-date: /home/sandeep/bumperbot_ws/install/bumperbot_firmware/lib/libbumperbot_firmware.so
[0.826s] -- Up-to-date: /home/sandeep/bumperbot_ws/install/bumperbot_firmware/include/include
[0.827s] -- Up-to-date: /home/sandeep/bumperbot_ws/install/bumperbot_firmware/include/include/bumperbot_firmware
[0.827s] -- Up-to-date: /home/sandeep/bumperbot_ws/install/bumperbot_firmware/include/include/bumperbot_firmware/bumperbot_interface.hpp
[0.828s] -- Up-to-date: /home/sandeep/bumperbot_ws/install/bumperbot_firmware/share/bumperbot_firmware/launch
[0.828s] -- Up-to-date: /home/sandeep/bumperbot_ws/install/bumperbot_firmware/share/bumperbot_firmware/launch/hardware_interface.launch.py
[0.828s] -- Up-to-date: /home/sandeep/bumperbot_ws/install/bumperbot_firmware/lib/bumperbot_firmware/simple_serial_transmitter.py
[0.828s] -- Up-to-date: /home/sandeep/bumperbot_ws/install/bumperbot_firmware/lib/bumperbot_firmware/simple_serial_receiver.py
[0.829s] -- Up-to-date: /home/sandeep/bumperbot_ws/install/bumperbot_firmware/lib/bumperbot_firmware/mpu6050_driver.py
[0.829s] -- Up-to-date: /home/sandeep/bumperbot_ws/install/bumperbot_firmware/lib/bumperbot_firmware/simple_serial_receiver
[0.830s] -- Up-to-date: /home/sandeep/bumperbot_ws/install/bumperbot_firmware/lib/bumperbot_firmware/simple_serial_transmitter
[0.830s] -- Up-to-date: /home/sandeep/bumperbot_ws/install/bumperbot_firmware/share/bumperbot_firmware/environment/library_path.sh
[0.830s] -- Up-to-date: /home/sandeep/bumperbot_ws/install/bumperbot_firmware/share/bumperbot_firmware/environment/library_path.dsv
[0.830s] -- Up-to-date: /home/sandeep/bumperbot_ws/install/bumperbot_firmware/share/ament_index/resource_index/package_run_dependencies/bumperbot_firmware
[0.830s] -- Up-to-date: /home/sandeep/bumperbot_ws/install/bumperbot_firmware/share/ament_index/resource_index/parent_prefix_path/bumperbot_firmware
[0.830s] -- Up-to-date: /home/sandeep/bumperbot_ws/install/bumperbot_firmware/share/bumperbot_firmware/environment/ament_prefix_path.sh
[0.830s] -- Up-to-date: /home/sandeep/bumperbot_ws/install/bumperbot_firmware/share/bumperbot_firmware/environment/ament_prefix_path.dsv
[0.831s] -- Up-to-date: /home/sandeep/bumperbot_ws/install/bumperbot_firmware/share/bumperbot_firmware/environment/path.sh
[0.831s] -- Up-to-date: /home/sandeep/bumperbot_ws/install/bumperbot_firmware/share/bumperbot_firmware/environment/path.dsv
[0.831s] -- Up-to-date: /home/sandeep/bumperbot_ws/install/bumperbot_firmware/share/bumperbot_firmware/local_setup.bash
[0.831s] -- Up-to-date: /home/sandeep/bumperbot_ws/install/bumperbot_firmware/share/bumperbot_firmware/local_setup.sh
[0.831s] -- Up-to-date: /home/sandeep/bumperbot_ws/install/bumperbot_firmware/share/bumperbot_firmware/local_setup.zsh
[0.831s] -- Up-to-date: /home/sandeep/bumperbot_ws/install/bumperbot_firmware/share/bumperbot_firmware/local_setup.dsv
[0.831s] -- Installing: /home/sandeep/bumperbot_ws/install/bumperbot_firmware/share/bumperbot_firmware/package.dsv
[0.831s] -- Up-to-date: /home/sandeep/bumperbot_ws/install/bumperbot_firmware/share/ament_index/resource_index/packages/bumperbot_firmware
[0.831s] -- Up-to-date: /home/sandeep/bumperbot_ws/install/bumperbot_firmware/share/ament_index/resource_index/hardware_interface__pluginlib__plugin/bumperbot_firmware
[0.831s] -- Up-to-date: /home/sandeep/bumperbot_ws/install/bumperbot_firmware/share/bumperbot_firmware/cmake/ament_cmake_export_include_directories-extras.cmake
[0.832s] -- Up-to-date: /home/sandeep/bumperbot_ws/install/bumperbot_firmware/share/bumperbot_firmware/cmake/ament_cmake_export_libraries-extras.cmake
[0.832s] -- Up-to-date: /home/sandeep/bumperbot_ws/install/bumperbot_firmware/share/bumperbot_firmware/cmake/ament_cmake_export_dependencies-extras.cmake
[0.832s] -- Up-to-date: /home/sandeep/bumperbot_ws/install/bumperbot_firmware/share/bumperbot_firmware/cmake/bumperbot_firmwareConfig.cmake
[0.832s] -- Up-to-date: /home/sandeep/bumperbot_ws/install/bumperbot_firmware/share/bumperbot_firmware/cmake/bumperbot_firmwareConfig-version.cmake
[0.832s] -- Up-to-date: /home/sandeep/bumperbot_ws/install/bumperbot_firmware/share/bumperbot_firmware/package.xml
[0.864s] Invoked command in '/home/sandeep/bumperbot_ws/build/bumperbot_firmware' returned '0': CMAKE_PREFIX_PATH=${CMAKE_PREFIX_PATH}:/opt/ros/jazzy DEBUGINFOD_URLS=https://debuginfod.ubuntu.com /usr/bin/cmake --install /home/sandeep/bumperbot_ws/build/bumperbot_firmware
