[0.029s] Invoking command in '/home/sandeep/bumperbot_ws/build/bumperbot_bringup': CMAKE_PREFIX_PATH=${CMAKE_PREFIX_PATH}:/opt/ros/jazzy DEBUGINFOD_URLS=https://debuginfod.ubuntu.com /usr/bin/cmake --build /home/sandeep/bumperbot_ws/build/bumperbot_bringup -- -j8 -l8
[0.076s] Invoked command in '/home/sandeep/bumperbot_ws/build/bumperbot_bringup' returned '0': CMAKE_PREFIX_PATH=${CMAKE_PREFIX_PATH}:/opt/ros/jazzy DEBUGINFOD_URLS=https://debuginfod.ubuntu.com /usr/bin/cmake --build /home/sandeep/bumperbot_ws/build/bumperbot_bringup -- -j8 -l8
[0.089s] Invoking command in '/home/sandeep/bumperbot_ws/build/bumperbot_bringup': CMAKE_PREFIX_PATH=${CMAKE_PREFIX_PATH}:/opt/ros/jazzy DEBUGINFOD_URLS=https://debuginfod.ubuntu.com /usr/bin/cmake --install /home/sandeep/bumperbot_ws/build/bumperbot_bringup
[0.165s] -- Install configuration: ""
[0.165s] -- Up-to-date: /home/sandeep/bumperbot_ws/install/bumperbot_bringup/share/bumperbot_bringup/launch
[0.165s] -- Up-to-date: /home/sandeep/bumperbot_ws/install/bumperbot_bringup/share/bumperbot_bringup/launch/real_robot.launch.py
[0.165s] -- Installing: /home/sandeep/bumperbot_ws/install/bumperbot_bringup/share/bumperbot_bringup/launch/simulated_robot.launch.py
[0.165s] -- Up-to-date: /home/sandeep/bumperbot_ws/install/bumperbot_bringup/share/ament_index/resource_index/package_run_dependencies/bumperbot_bringup
[0.165s] -- Up-to-date: /home/sandeep/bumperbot_ws/install/bumperbot_bringup/share/ament_index/resource_index/parent_prefix_path/bumperbot_bringup
[0.165s] -- Up-to-date: /home/sandeep/bumperbot_ws/install/bumperbot_bringup/share/bumperbot_bringup/environment/ament_prefix_path.sh
[0.165s] -- Up-to-date: /home/sandeep/bumperbot_ws/install/bumperbot_bringup/share/bumperbot_bringup/environment/ament_prefix_path.dsv
[0.166s] -- Up-to-date: /home/sandeep/bumperbot_ws/install/bumperbot_bringup/share/bumperbot_bringup/environment/path.sh
[0.166s] -- Up-to-date: /home/sandeep/bumperbot_ws/install/bumperbot_bringup/share/bumperbot_bringup/environment/path.dsv
[0.166s] -- Up-to-date: /home/sandeep/bumperbot_ws/install/bumperbot_bringup/share/bumperbot_bringup/local_setup.bash
[0.166s] -- Up-to-date: /home/sandeep/bumperbot_ws/install/bumperbot_bringup/share/bumperbot_bringup/local_setup.sh
[0.166s] -- Up-to-date: /home/sandeep/bumperbot_ws/install/bumperbot_bringup/share/bumperbot_bringup/local_setup.zsh
[0.166s] -- Up-to-date: /home/sandeep/bumperbot_ws/install/bumperbot_bringup/share/bumperbot_bringup/local_setup.dsv
[0.166s] -- Installing: /home/sandeep/bumperbot_ws/install/bumperbot_bringup/share/bumperbot_bringup/package.dsv
[0.166s] -- Up-to-date: /home/sandeep/bumperbot_ws/install/bumperbot_bringup/share/ament_index/resource_index/packages/bumperbot_bringup
[0.166s] -- Up-to-date: /home/sandeep/bumperbot_ws/install/bumperbot_bringup/share/bumperbot_bringup/cmake/bumperbot_bringupConfig.cmake
[0.166s] -- Up-to-date: /home/sandeep/bumperbot_ws/install/bumperbot_bringup/share/bumperbot_bringup/cmake/bumperbot_bringupConfig-version.cmake
[0.167s] -- Up-to-date: /home/sandeep/bumperbot_ws/install/bumperbot_bringup/share/bumperbot_bringup/package.xml
[0.218s] Invoked command in '/home/sandeep/bumperbot_ws/build/bumperbot_bringup' returned '0': CMAKE_PREFIX_PATH=${CMAKE_PREFIX_PATH}:/opt/ros/jazzy DEBUGINFOD_URLS=https://debuginfod.ubuntu.com /usr/bin/cmake --install /home/sandeep/bumperbot_ws/build/bumperbot_bringup
