-- The C compiler identification is GNU 13.3.0
-- The CXX compiler identification is GNU 13.3.0
-- Detecting C compiler ABI info
-- Detecting C compiler ABI info - done
-- Check for working C compiler: /usr/bin/cc - skipped
-- Detecting C compile features
-- Detecting C compile features - done
-- Detecting CXX compiler ABI info
-- Detecting CXX compiler ABI info - done
-- Check for working CXX compiler: /usr/bin/c++ - skipped
-- Detecting CXX compile features
-- Detecting CXX compile features - done
-- Found ament_cmake: 2.5.2 (/opt/ros/jazzy/share/ament_cmake/cmake)
-- Found Python3: /usr/bin/python3 (found version "3.12.3") found components: Interpreter 
-- Found rclcpp: 28.1.5 (/opt/ros/jazzy/share/rclcpp/cmake)
-- Found rosidl_generator_c: 4.6.4 (/opt/ros/jazzy/share/rosidl_generator_c/cmake)
-- Found rosidl_generator_cpp: 4.6.4 (/opt/ros/jazzy/share/rosidl_generator_cpp/cmake)
-- Using all available rosidl_typesupport_c: rosidl_typesupport_fastrtps_c;rosidl_typesupport_introspection_c
-- Using all available rosidl_typesupport_cpp: rosidl_typesupport_fastrtps_cpp;rosidl_typesupport_introspection_cpp
-- Found rmw_implementation_cmake: 7.3.1 (/opt/ros/jazzy/share/rmw_implementation_cmake/cmake)
-- Found rmw_fastrtps_cpp: 8.4.1 (/opt/ros/jazzy/share/rmw_fastrtps_cpp/cmake)
-- Found OpenSSL: /usr/lib/x86_64-linux-gnu/libcrypto.so (found version "3.0.13")  
-- Found FastRTPS: /opt/ros/jazzy/include (Required is at least version "2.13") 
-- Using RMW implementation 'rmw_fastrtps_cpp' as default
-- Found rclpy: 7.1.2 (/opt/ros/jazzy/share/rclpy/cmake)
-- Found geometry_msgs: 5.3.5 (/opt/ros/jazzy/share/geometry_msgs/cmake)
-- Found sensor_msgs: 5.3.5 (/opt/ros/jazzy/share/sensor_msgs/cmake)
-- Found twist_mux_msgs: 3.0.1 (/opt/ros/jazzy/share/twist_mux_msgs/cmake)
-- Found rclcpp_action: 28.1.5 (/opt/ros/jazzy/share/rclcpp_action/cmake)
-- Found visualization_msgs: 5.3.5 (/opt/ros/jazzy/share/visualization_msgs/cmake)
-- Configuring done (2.1s)
-- Generating done (0.0s)
-- Build files have been written to: /home/sandeep/bumperbot_ws/build/bumperbot_utils
[ 50%] [32mBuilding CXX object CMakeFiles/safety_stop.dir/src/safety_stop.cpp.o[0m
[100%] [32m[1mLinking CXX executable safety_stop[0m
[100%] Built target safety_stop
-- Install configuration: ""
-- Installing: /home/sandeep/bumperbot_ws/install/bumperbot_utils/lib/bumperbot_utils/safety_stop
-- Set non-toolchain portion of runtime path of "/home/sandeep/bumperbot_ws/install/bumperbot_utils/lib/bumperbot_utils/safety_stop" to ""
-- Installing: /home/sandeep/bumperbot_ws/install/bumperbot_utils/share/ament_index/resource_index/package_run_dependencies/bumperbot_utils
-- Installing: /home/sandeep/bumperbot_ws/install/bumperbot_utils/share/ament_index/resource_index/parent_prefix_path/bumperbot_utils
-- Installing: /home/sandeep/bumperbot_ws/install/bumperbot_utils/share/bumperbot_utils/environment/ament_prefix_path.sh
-- Installing: /home/sandeep/bumperbot_ws/install/bumperbot_utils/share/bumperbot_utils/environment/ament_prefix_path.dsv
-- Installing: /home/sandeep/bumperbot_ws/install/bumperbot_utils/share/bumperbot_utils/environment/path.sh
-- Installing: /home/sandeep/bumperbot_ws/install/bumperbot_utils/share/bumperbot_utils/environment/path.dsv
-- Installing: /home/sandeep/bumperbot_ws/install/bumperbot_utils/share/bumperbot_utils/local_setup.bash
-- Installing: /home/sandeep/bumperbot_ws/install/bumperbot_utils/share/bumperbot_utils/local_setup.sh
-- Installing: /home/sandeep/bumperbot_ws/install/bumperbot_utils/share/bumperbot_utils/local_setup.zsh
-- Installing: /home/sandeep/bumperbot_ws/install/bumperbot_utils/share/bumperbot_utils/local_setup.dsv
-- Installing: /home/sandeep/bumperbot_ws/install/bumperbot_utils/share/bumperbot_utils/package.dsv
-- Installing: /home/sandeep/bumperbot_ws/install/bumperbot_utils/share/ament_index/resource_index/packages/bumperbot_utils
-- Installing: /home/sandeep/bumperbot_ws/install/bumperbot_utils/share/bumperbot_utils/cmake/bumperbot_utilsConfig.cmake
-- Installing: /home/sandeep/bumperbot_ws/install/bumperbot_utils/share/bumperbot_utils/cmake/bumperbot_utilsConfig-version.cmake
-- Installing: /home/sandeep/bumperbot_ws/install/bumperbot_utils/share/bumperbot_utils/package.xml
