[0.034s] Invoking command in '/home/sandeep/bumperbot_ws/build/bumperbot_controller': CMAKE_PREFIX_PATH=${CMAKE_PREFIX_PATH}:/opt/ros/jazzy DEBUGINFOD_URLS=https://debuginfod.ubuntu.com /usr/bin/cmake --build /home/sandeep/bumperbot_ws/build/bumperbot_controller -- -j8 -l8
[0.120s] [ 50%] Built target simple_controller
[0.232s] [ 50%] Built target ament_cmake_python_copy_bumperbot_controller
[0.302s] [100%] Built target noisy_controller
[0.536s] running egg_info
[0.566s] writing bumperbot_controller.egg-info/PKG-INFO
[0.566s] writing dependency_links to bumperbot_controller.egg-info/dependency_links.txt
[0.566s] writing top-level names to bumperbot_controller.egg-info/top_level.txt
[0.631s] reading manifest file 'bumperbot_controller.egg-info/SOURCES.txt'
[0.631s] writing manifest file 'bumperbot_controller.egg-info/SOURCES.txt'
[0.677s] [100%] Built target ament_cmake_python_build_bumperbot_controller_egg
[0.690s] Invoked command in '/home/sandeep/bumperbot_ws/build/bumperbot_controller' returned '0': CMAKE_PREFIX_PATH=${CMAKE_PREFIX_PATH}:/opt/ros/jazzy DEBUGINFOD_URLS=https://debuginfod.ubuntu.com /usr/bin/cmake --build /home/sandeep/bumperbot_ws/build/bumperbot_controller -- -j8 -l8
[0.691s] Invoking command in '/home/sandeep/bumperbot_ws/build/bumperbot_controller': CMAKE_PREFIX_PATH=${CMAKE_PREFIX_PATH}:/opt/ros/jazzy DEBUGINFOD_URLS=https://debuginfod.ubuntu.com /usr/bin/cmake --install /home/sandeep/bumperbot_ws/build/bumperbot_controller
[0.701s] -- Install configuration: ""
[0.701s] -- Up-to-date: /home/sandeep/bumperbot_ws/install/bumperbot_controller/share/bumperbot_controller/environment/pythonpath.sh
[0.701s] -- Up-to-date: /home/sandeep/bumperbot_ws/install/bumperbot_controller/share/bumperbot_controller/environment/pythonpath.dsv
[0.701s] -- Up-to-date: /home/sandeep/bumperbot_ws/install/bumperbot_controller/lib/python3.12/site-packages/bumperbot_controller-0.0.0-py3.12.egg-info
[0.702s] -- Installing: /home/sandeep/bumperbot_ws/install/bumperbot_controller/lib/python3.12/site-packages/bumperbot_controller-0.0.0-py3.12.egg-info/PKG-INFO
[0.702s] -- Installing: /home/sandeep/bumperbot_ws/install/bumperbot_controller/lib/python3.12/site-packages/bumperbot_controller-0.0.0-py3.12.egg-info/dependency_links.txt
[0.702s] -- Installing: /home/sandeep/bumperbot_ws/install/bumperbot_controller/lib/python3.12/site-packages/bumperbot_controller-0.0.0-py3.12.egg-info/top_level.txt
[0.702s] -- Installing: /home/sandeep/bumperbot_ws/install/bumperbot_controller/lib/python3.12/site-packages/bumperbot_controller-0.0.0-py3.12.egg-info/SOURCES.txt
[0.702s] -- Up-to-date: /home/sandeep/bumperbot_ws/install/bumperbot_controller/lib/python3.12/site-packages/bumperbot_controller
[0.702s] -- Up-to-date: /home/sandeep/bumperbot_ws/install/bumperbot_controller/lib/python3.12/site-packages/bumperbot_controller/simple_controller.py
[0.702s] -- Up-to-date: /home/sandeep/bumperbot_ws/install/bumperbot_controller/lib/python3.12/site-packages/bumperbot_controller/twist_relay.py
[0.703s] -- Up-to-date: /home/sandeep/bumperbot_ws/install/bumperbot_controller/lib/python3.12/site-packages/bumperbot_controller/__init__.py
[0.703s] -- Up-to-date: /home/sandeep/bumperbot_ws/install/bumperbot_controller/lib/python3.12/site-packages/bumperbot_controller/noisy_controller.py
[0.742s] Listing '/home/sandeep/bumperbot_ws/install/bumperbot_controller/lib/python3.12/site-packages/bumperbot_controller'...
[0.746s] -- Up-to-date: /home/sandeep/bumperbot_ws/install/bumperbot_controller/include/include
[0.746s] -- Up-to-date: /home/sandeep/bumperbot_ws/install/bumperbot_controller/include/include/bumperbot_controller
[0.746s] -- Up-to-date: /home/sandeep/bumperbot_ws/install/bumperbot_controller/include/include/bumperbot_controller/simple_controller.hpp
[0.747s] -- Up-to-date: /home/sandeep/bumperbot_ws/install/bumperbot_controller/include/include/bumperbot_controller/noisy_controller.hpp
[0.747s] -- Up-to-date: /home/sandeep/bumperbot_ws/install/bumperbot_controller/lib/bumperbot_controller/simple_controller
[0.747s] -- Up-to-date: /home/sandeep/bumperbot_ws/install/bumperbot_controller/lib/bumperbot_controller/noisy_controller
[0.748s] -- Up-to-date: /home/sandeep/bumperbot_ws/install/bumperbot_controller/share/bumperbot_controller/launch
[0.748s] -- Up-to-date: /home/sandeep/bumperbot_ws/install/bumperbot_controller/share/bumperbot_controller/launch/controller.launch.py
[0.748s] -- Up-to-date: /home/sandeep/bumperbot_ws/install/bumperbot_controller/share/bumperbot_controller/launch/joystick_teleop.launch.py
[0.749s] -- Up-to-date: /home/sandeep/bumperbot_ws/install/bumperbot_controller/share/bumperbot_controller/config
[0.749s] -- Up-to-date: /home/sandeep/bumperbot_ws/install/bumperbot_controller/share/bumperbot_controller/config/twist_mux_locks.yaml
[0.749s] -- Up-to-date: /home/sandeep/bumperbot_ws/install/bumperbot_controller/share/bumperbot_controller/config/bumperbot_controllers.yaml
[0.749s] -- Up-to-date: /home/sandeep/bumperbot_ws/install/bumperbot_controller/share/bumperbot_controller/config/twist_mux_joy.yaml
[0.749s] -- Up-to-date: /home/sandeep/bumperbot_ws/install/bumperbot_controller/share/bumperbot_controller/config/twist_mux_topics.yaml
[0.750s] -- Up-to-date: /home/sandeep/bumperbot_ws/install/bumperbot_controller/share/bumperbot_controller/config/joy_config.yaml
[0.750s] -- Up-to-date: /home/sandeep/bumperbot_ws/install/bumperbot_controller/share/bumperbot_controller/config/joy_teleop.yaml
[0.750s] -- Up-to-date: /home/sandeep/bumperbot_ws/install/bumperbot_controller/lib/bumperbot_controller/simple_controller.py
[0.750s] -- Up-to-date: /home/sandeep/bumperbot_ws/install/bumperbot_controller/lib/bumperbot_controller/noisy_controller.py
[0.751s] -- Up-to-date: /home/sandeep/bumperbot_ws/install/bumperbot_controller/lib/bumperbot_controller/twist_relay.py
[0.751s] -- Up-to-date: /home/sandeep/bumperbot_ws/install/bumperbot_controller/share/ament_index/resource_index/package_run_dependencies/bumperbot_controller
[0.751s] -- Up-to-date: /home/sandeep/bumperbot_ws/install/bumperbot_controller/share/ament_index/resource_index/parent_prefix_path/bumperbot_controller
[0.751s] -- Up-to-date: /home/sandeep/bumperbot_ws/install/bumperbot_controller/share/bumperbot_controller/environment/ament_prefix_path.sh
[0.751s] -- Up-to-date: /home/sandeep/bumperbot_ws/install/bumperbot_controller/share/bumperbot_controller/environment/ament_prefix_path.dsv
[0.751s] -- Up-to-date: /home/sandeep/bumperbot_ws/install/bumperbot_controller/share/bumperbot_controller/environment/path.sh
[0.752s] -- Up-to-date: /home/sandeep/bumperbot_ws/install/bumperbot_controller/share/bumperbot_controller/environment/path.dsv
[0.752s] -- Up-to-date: /home/sandeep/bumperbot_ws/install/bumperbot_controller/share/bumperbot_controller/local_setup.bash
[0.752s] -- Up-to-date: /home/sandeep/bumperbot_ws/install/bumperbot_controller/share/bumperbot_controller/local_setup.sh
[0.752s] -- Up-to-date: /home/sandeep/bumperbot_ws/install/bumperbot_controller/share/bumperbot_controller/local_setup.zsh
[0.752s] -- Up-to-date: /home/sandeep/bumperbot_ws/install/bumperbot_controller/share/bumperbot_controller/local_setup.dsv
[0.752s] -- Installing: /home/sandeep/bumperbot_ws/install/bumperbot_controller/share/bumperbot_controller/package.dsv
[0.753s] -- Up-to-date: /home/sandeep/bumperbot_ws/install/bumperbot_controller/share/ament_index/resource_index/packages/bumperbot_controller
[0.753s] -- Up-to-date: /home/sandeep/bumperbot_ws/install/bumperbot_controller/share/bumperbot_controller/cmake/bumperbot_controllerConfig.cmake
[0.753s] -- Up-to-date: /home/sandeep/bumperbot_ws/install/bumperbot_controller/share/bumperbot_controller/cmake/bumperbot_controllerConfig-version.cmake
[0.753s] -- Up-to-date: /home/sandeep/bumperbot_ws/install/bumperbot_controller/share/bumperbot_controller/package.xml
[0.764s] Invoked command in '/home/sandeep/bumperbot_ws/build/bumperbot_controller' returned '0': CMAKE_PREFIX_PATH=${CMAKE_PREFIX_PATH}:/opt/ros/jazzy DEBUGINFOD_URLS=https://debuginfod.ubuntu.com /usr/bin/cmake --install /home/sandeep/bumperbot_ws/build/bumperbot_controller
