[100%] Built target mapping_with_known_poses
-- Install configuration: ""
-- Up-to-date: /home/sandeep/bumperbot_ws/install/bumperbot_mapping/include/include
-- Up-to-date: /home/sandeep/bumperbot_ws/install/bumperbot_mapping/include/include/bumperbot_mapping
-- Up-to-date: /home/sandeep/bumperbot_ws/install/bumperbot_mapping/include/include/bumperbot_mapping/mapping_with_known_poses.hpp
-- Up-to-date: /home/sandeep/bumperbot_ws/install/bumperbot_mapping/lib/bumperbot_mapping/mapping_with_known_poses
-- Up-to-date: /home/sandeep/bumperbot_ws/install/bumperbot_mapping/share/bumperbot_mapping/maps
-- Up-to-date: /home/sandeep/bumperbot_ws/install/bumperbot_mapping/share/bumperbot_mapping/maps/small_house
-- Up-to-date: /home/sandeep/bumperbot_ws/install/bumperbot_mapping/share/bumperbot_mapping/maps/small_house/map.pgm
-- Up-to-date: /home/sandeep/bumperbot_ws/install/bumperbot_mapping/share/bumperbot_mapping/maps/small_house/map.yaml
-- Up-to-date: /home/sandeep/bumperbot_ws/install/bumperbot_mapping/share/bumperbot_mapping/launch
-- Installing: /home/sandeep/bumperbot_ws/install/bumperbot_mapping/share/bumperbot_mapping/launch/slam.launch.py
-- Up-to-date: /home/sandeep/bumperbot_ws/install/bumperbot_mapping/share/bumperbot_mapping/config
-- Up-to-date: /home/sandeep/bumperbot_ws/install/bumperbot_mapping/share/bumperbot_mapping/config/slam_toolbox.yaml
-- Up-to-date: /home/sandeep/bumperbot_ws/install/bumperbot_mapping/share/ament_index/resource_index/package_run_dependencies/bumperbot_mapping
-- Up-to-date: /home/sandeep/bumperbot_ws/install/bumperbot_mapping/share/ament_index/resource_index/parent_prefix_path/bumperbot_mapping
-- Up-to-date: /home/sandeep/bumperbot_ws/install/bumperbot_mapping/share/bumperbot_mapping/environment/ament_prefix_path.sh
-- Up-to-date: /home/sandeep/bumperbot_ws/install/bumperbot_mapping/share/bumperbot_mapping/environment/ament_prefix_path.dsv
-- Up-to-date: /home/sandeep/bumperbot_ws/install/bumperbot_mapping/share/bumperbot_mapping/environment/path.sh
-- Up-to-date: /home/sandeep/bumperbot_ws/install/bumperbot_mapping/share/bumperbot_mapping/environment/path.dsv
-- Up-to-date: /home/sandeep/bumperbot_ws/install/bumperbot_mapping/share/bumperbot_mapping/local_setup.bash
-- Up-to-date: /home/sandeep/bumperbot_ws/install/bumperbot_mapping/share/bumperbot_mapping/local_setup.sh
-- Up-to-date: /home/sandeep/bumperbot_ws/install/bumperbot_mapping/share/bumperbot_mapping/local_setup.zsh
-- Up-to-date: /home/sandeep/bumperbot_ws/install/bumperbot_mapping/share/bumperbot_mapping/local_setup.dsv
-- Installing: /home/sandeep/bumperbot_ws/install/bumperbot_mapping/share/bumperbot_mapping/package.dsv
-- Up-to-date: /home/sandeep/bumperbot_ws/install/bumperbot_mapping/share/ament_index/resource_index/packages/bumperbot_mapping
-- Up-to-date: /home/sandeep/bumperbot_ws/install/bumperbot_mapping/share/bumperbot_mapping/cmake/bumperbot_mappingConfig.cmake
-- Up-to-date: /home/sandeep/bumperbot_ws/install/bumperbot_mapping/share/bumperbot_mapping/cmake/bumperbot_mappingConfig-version.cmake
-- Up-to-date: /home/sandeep/bumperbot_ws/install/bumperbot_mapping/share/bumperbot_mapping/package.xml
