[0.050s] Invoking command in '/home/sandeep/bumperbot_ws/build/ldlidar_stl_ros2': CMAKE_PREFIX_PATH=${CMAKE_PREFIX_PATH}:/opt/ros/jazzy DEBUGINFOD_URLS=https://debuginfod.ubuntu.com /usr/bin/cmake /home/sandeep/bumperbot_ws/src/ldlidar_stl_ros2 -DCMAKE_INSTALL_PREFIX=/home/sandeep/bumperbot_ws/install/ldlidar_stl_ros2
[0.151s] -- The C compiler identification is GNU 13.3.0
[0.374s] -- The CXX compiler identification is GNU 13.3.0
[0.375s] -- Detecting C compiler ABI info
[0.524s] -- Detecting C compiler ABI info - done
[0.546s] -- Check for working C compiler: /usr/bin/cc - skipped
[0.547s] -- Detecting C compile features
[0.547s] -- Detecting C compile features - done
[0.560s] -- Detecting CXX compiler ABI info
[0.726s] -- Detecting CXX compiler ABI info - done
[0.743s] -- Check for working CXX compiler: /usr/bin/c++ - skipped
[0.743s] -- Detecting CXX compile features
[0.744s] -- Detecting CXX compile features - done
[0.752s] -- Found ament_cmake: 2.5.2 (/opt/ros/jazzy/share/ament_cmake/cmake)
[0.952s] -- Found Python3: /usr/bin/python3 (found version "3.12.3") found components: Interpreter 
[1.157s] -- Found rclcpp: 28.1.5 (/opt/ros/jazzy/share/rclcpp/cmake)
[1.230s] -- Found rosidl_generator_c: 4.6.4 (/opt/ros/jazzy/share/rosidl_generator_c/cmake)
[1.255s] -- Found rosidl_generator_cpp: 4.6.4 (/opt/ros/jazzy/share/rosidl_generator_cpp/cmake)
[1.279s] -- Using all available rosidl_typesupport_c: rosidl_typesupport_fastrtps_c;rosidl_typesupport_introspection_c
[1.312s] -- Using all available rosidl_typesupport_cpp: rosidl_typesupport_fastrtps_cpp;rosidl_typesupport_introspection_cpp
[1.478s] -- Found rmw_implementation_cmake: 7.3.1 (/opt/ros/jazzy/share/rmw_implementation_cmake/cmake)
[1.478s] -- Found rmw_fastrtps_cpp: 8.4.1 (/opt/ros/jazzy/share/rmw_fastrtps_cpp/cmake)
[1.686s] -- Found OpenSSL: /usr/lib/x86_64-linux-gnu/libcrypto.so (found version "3.0.13")  
[1.743s] -- Found FastRTPS: /opt/ros/jazzy/include (Required is at least version "2.13") 
[1.785s] -- Using RMW implementation 'rmw_fastrtps_cpp' as default
[1.935s] -- Found sensor_msgs: 5.3.5 (/opt/ros/jazzy/share/sensor_msgs/cmake)
[2.039s] -- Found ament_lint_auto: 0.17.1 (/opt/ros/jazzy/share/ament_lint_auto/cmake)
[2.249s] -- Added test 'copyright' to check source files copyright and LICENSE
[2.254s] -- Added test 'cppcheck' to perform static code analysis on C / C++ code
[2.255s] -- Configured cppcheck include dirs: /home/sandeep/bumperbot_ws/src/ldlidar_stl_ros2/include;/home/sandeep/bumperbot_ws/src/ldlidar_stl_ros2/ldlidar_driver/include/core;/home/sandeep/bumperbot_ws/src/ldlidar_stl_ros2/ldlidar_driver/include/dataprocess;/home/sandeep/bumperbot_ws/src/ldlidar_stl_ros2/ldlidar_driver/include/filter;/home/sandeep/bumperbot_ws/src/ldlidar_stl_ros2/ldlidar_driver/include/logger;/home/sandeep/bumperbot_ws/src/ldlidar_stl_ros2/ldlidar_driver/include/networkcom;/home/sandeep/bumperbot_ws/src/ldlidar_stl_ros2/ldlidar_driver/include/serialcom
[2.255s] -- Configured cppcheck exclude dirs and/or files: 
[2.260s] -- Added test 'cpplint' to check C / C++ code against the Google style
[2.260s] -- Configured cpplint exclude dirs and/or files: 
[2.261s] -- Added test 'flake8' to check Python code syntax and style conventions
[2.261s] -- Configured 'flake8' exclude dirs and/or files: 
[2.263s] -- Added test 'lint_cmake' to check CMake code style
[2.264s] -- Added test 'pep257' to check Python code against some of the docstring style conventions in PEP 257
[2.275s] -- Added test 'uncrustify' to check C / C++ code style
[2.275s] -- Configured uncrustify additional arguments: 
[2.275s] -- Added test 'xmllint' to check XML markup files
[2.275s] -- Configuring done (2.2s)
[2.305s] -- Generating done (0.0s)
[2.312s] -- Build files have been written to: /home/sandeep/bumperbot_ws/build/ldlidar_stl_ros2
[2.329s] Invoked command in '/home/sandeep/bumperbot_ws/build/ldlidar_stl_ros2' returned '0': CMAKE_PREFIX_PATH=${CMAKE_PREFIX_PATH}:/opt/ros/jazzy DEBUGINFOD_URLS=https://debuginfod.ubuntu.com /usr/bin/cmake /home/sandeep/bumperbot_ws/src/ldlidar_stl_ros2 -DCMAKE_INSTALL_PREFIX=/home/sandeep/bumperbot_ws/install/ldlidar_stl_ros2
[2.331s] Invoking command in '/home/sandeep/bumperbot_ws/build/ldlidar_stl_ros2': CMAKE_PREFIX_PATH=${CMAKE_PREFIX_PATH}:/opt/ros/jazzy DEBUGINFOD_URLS=https://debuginfod.ubuntu.com /usr/bin/cmake --build /home/sandeep/bumperbot_ws/build/ldlidar_stl_ros2 -- -j8 -l8
[2.389s] [ 12%] [32mBuilding CXX object CMakeFiles/ldlidar_stl_ros2_node.dir/ldlidar_driver/src/dataprocess/lipkg.cpp.o[0m
[2.390s] [ 37%] [32mBuilding CXX object CMakeFiles/ldlidar_stl_ros2_node.dir/ldlidar_driver/src/core/ldlidar_driver.cpp.o[0m
[2.390s] [ 37%] [32mBuilding CXX object CMakeFiles/ldlidar_stl_ros2_node.dir/src/demo.cpp.o[0m
[2.395s] [ 50%] [32mBuilding CXX object CMakeFiles/ldlidar_stl_ros2_node.dir/ldlidar_driver/src/filter/tofbf.cpp.o[0m
[2.400s] [ 62%] [32mBuilding CXX object CMakeFiles/ldlidar_stl_ros2_node.dir/ldlidar_driver/src/networkcom/network_socket_interface_linux.cpp.o[0m
[2.401s] [ 75%] [32mBuilding CXX object CMakeFiles/ldlidar_stl_ros2_node.dir/ldlidar_driver/src/logger/log_module.cpp.o[0m
[2.406s] [ 87%] [32mBuilding CXX object CMakeFiles/ldlidar_stl_ros2_node.dir/ldlidar_driver/src/serialcom/serial_interface_linux.cpp.o[0m
[6.845s] [100%] [32m[1mLinking CXX executable ldlidar_stl_ros2_node[0m
[7.045s] [100%] Built target ldlidar_stl_ros2_node
[7.053s] Invoked command in '/home/sandeep/bumperbot_ws/build/ldlidar_stl_ros2' returned '0': CMAKE_PREFIX_PATH=${CMAKE_PREFIX_PATH}:/opt/ros/jazzy DEBUGINFOD_URLS=https://debuginfod.ubuntu.com /usr/bin/cmake --build /home/sandeep/bumperbot_ws/build/ldlidar_stl_ros2 -- -j8 -l8
[7.054s] Invoking command in '/home/sandeep/bumperbot_ws/build/ldlidar_stl_ros2': CMAKE_PREFIX_PATH=${CMAKE_PREFIX_PATH}:/opt/ros/jazzy DEBUGINFOD_URLS=https://debuginfod.ubuntu.com /usr/bin/cmake --install /home/sandeep/bumperbot_ws/build/ldlidar_stl_ros2
[7.060s] -- Install configuration: ""
[7.060s] -- Installing: /home/sandeep/bumperbot_ws/install/ldlidar_stl_ros2/lib/ldlidar_stl_ros2/ldlidar_stl_ros2_node
[7.061s] -- Set non-toolchain portion of runtime path of "/home/sandeep/bumperbot_ws/install/ldlidar_stl_ros2/lib/ldlidar_stl_ros2/ldlidar_stl_ros2_node" to ""
[7.062s] -- Installing: /home/sandeep/bumperbot_ws/install/ldlidar_stl_ros2/share/ldlidar_stl_ros2//launch
[7.062s] -- Installing: /home/sandeep/bumperbot_ws/install/ldlidar_stl_ros2/share/ldlidar_stl_ros2//launch/stl27l.launch.py
[7.062s] -- Installing: /home/sandeep/bumperbot_ws/install/ldlidar_stl_ros2/share/ldlidar_stl_ros2//launch/viewer_ld06.launch.py
[7.062s] -- Installing: /home/sandeep/bumperbot_ws/install/ldlidar_stl_ros2/share/ldlidar_stl_ros2//launch/viewer_ld19.launch.py
[7.062s] -- Installing: /home/sandeep/bumperbot_ws/install/ldlidar_stl_ros2/share/ldlidar_stl_ros2//launch/ld06.launch.py
[7.062s] -- Installing: /home/sandeep/bumperbot_ws/install/ldlidar_stl_ros2/share/ldlidar_stl_ros2//launch/ld19.launch.py
[7.062s] -- Installing: /home/sandeep/bumperbot_ws/install/ldlidar_stl_ros2/share/ldlidar_stl_ros2//launch/viewer_stl27l.launch.py
[7.062s] -- Installing: /home/sandeep/bumperbot_ws/install/ldlidar_stl_ros2/share/ldlidar_stl_ros2//rviz2
[7.062s] -- Installing: /home/sandeep/bumperbot_ws/install/ldlidar_stl_ros2/share/ldlidar_stl_ros2//rviz2/ldlidar.rviz
[7.062s] -- Installing: /home/sandeep/bumperbot_ws/install/ldlidar_stl_ros2/share/ament_index/resource_index/package_run_dependencies/ldlidar_stl_ros2
[7.062s] -- Installing: /home/sandeep/bumperbot_ws/install/ldlidar_stl_ros2/share/ament_index/resource_index/parent_prefix_path/ldlidar_stl_ros2
[7.062s] -- Installing: /home/sandeep/bumperbot_ws/install/ldlidar_stl_ros2/share/ldlidar_stl_ros2/environment/ament_prefix_path.sh
[7.063s] -- Installing: /home/sandeep/bumperbot_ws/install/ldlidar_stl_ros2/share/ldlidar_stl_ros2/environment/ament_prefix_path.dsv
[7.063s] -- Installing: /home/sandeep/bumperbot_ws/install/ldlidar_stl_ros2/share/ldlidar_stl_ros2/environment/path.sh
[7.063s] -- Installing: /home/sandeep/bumperbot_ws/install/ldlidar_stl_ros2/share/ldlidar_stl_ros2/environment/path.dsv
[7.063s] -- Installing: /home/sandeep/bumperbot_ws/install/ldlidar_stl_ros2/share/ldlidar_stl_ros2/local_setup.bash
[7.063s] -- Installing: /home/sandeep/bumperbot_ws/install/ldlidar_stl_ros2/share/ldlidar_stl_ros2/local_setup.sh
[7.063s] -- Installing: /home/sandeep/bumperbot_ws/install/ldlidar_stl_ros2/share/ldlidar_stl_ros2/local_setup.zsh
[7.063s] -- Installing: /home/sandeep/bumperbot_ws/install/ldlidar_stl_ros2/share/ldlidar_stl_ros2/local_setup.dsv
[7.063s] -- Installing: /home/sandeep/bumperbot_ws/install/ldlidar_stl_ros2/share/ldlidar_stl_ros2/package.dsv
[7.063s] -- Installing: /home/sandeep/bumperbot_ws/install/ldlidar_stl_ros2/share/ament_index/resource_index/packages/ldlidar_stl_ros2
[7.063s] -- Installing: /home/sandeep/bumperbot_ws/install/ldlidar_stl_ros2/share/ldlidar_stl_ros2/cmake/ldlidar_stl_ros2Config.cmake
[7.063s] -- Installing: /home/sandeep/bumperbot_ws/install/ldlidar_stl_ros2/share/ldlidar_stl_ros2/cmake/ldlidar_stl_ros2Config-version.cmake
[7.063s] -- Installing: /home/sandeep/bumperbot_ws/install/ldlidar_stl_ros2/share/ldlidar_stl_ros2/package.xml
[7.065s] Invoked command in '/home/sandeep/bumperbot_ws/build/ldlidar_stl_ros2' returned '0': CMAKE_PREFIX_PATH=${CMAKE_PREFIX_PATH}:/opt/ros/jazzy DEBUGINFOD_URLS=https://debuginfod.ubuntu.com /usr/bin/cmake --install /home/sandeep/bumperbot_ws/build/ldlidar_stl_ros2
