-- The C compiler identification is GNU 13.3.0
-- The CXX compiler identification is GNU 13.3.0
-- Detecting C compiler ABI info
-- Detecting C compiler ABI info - done
-- Check for working C compiler: /usr/bin/cc - skipped
-- Detecting C compile features
-- Detecting C compile features - done
-- Detecting CXX compiler ABI info
-- Detecting CXX compiler ABI info - done
-- Check for working CXX compiler: /usr/bin/c++ - skipped
-- Detecting CXX compile features
-- Detecting CXX compile features - done
-- Found ament_cmake: 2.5.2 (/opt/ros/jazzy/share/ament_cmake/cmake)
-- Found Python3: /usr/bin/python3 (found version "3.12.3") found components: Interpreter 
-- Found rclcpp: 28.1.5 (/opt/ros/jazzy/share/rclcpp/cmake)
-- Found rosidl_generator_c: 4.6.4 (/opt/ros/jazzy/share/rosidl_generator_c/cmake)
-- Found rosidl_generator_cpp: 4.6.4 (/opt/ros/jazzy/share/rosidl_generator_cpp/cmake)
-- Using all available rosidl_typesupport_c: rosidl_typesupport_fastrtps_c;rosidl_typesupport_introspection_c
-- Using all available rosidl_typesupport_cpp: rosidl_typesupport_fastrtps_cpp;rosidl_typesupport_introspection_cpp
-- Found rmw_implementation_cmake: 7.3.1 (/opt/ros/jazzy/share/rmw_implementation_cmake/cmake)
-- Found rmw_fastrtps_cpp: 8.4.1 (/opt/ros/jazzy/share/rmw_fastrtps_cpp/cmake)
-- Found OpenSSL: /usr/lib/x86_64-linux-gnu/libcrypto.so (found version "3.0.13")  
-- Found FastRTPS: /opt/ros/jazzy/include (Required is at least version "2.13") 
-- Using RMW implementation 'rmw_fastrtps_cpp' as default
-- Found sensor_msgs: 5.3.5 (/opt/ros/jazzy/share/sensor_msgs/cmake)
-- Found nav_msgs: 5.3.5 (/opt/ros/jazzy/share/nav_msgs/cmake)
-- Found tf2_ros: 0.36.4 (/opt/ros/jazzy/share/tf2_ros/cmake)
-- Configuring done (2.2s)
-- Generating done (0.0s)
-- Build files have been written to: /home/sandeep/bumperbot_ws/build/bumperbot_mapping
[ 50%] [32mBuilding CXX object CMakeFiles/mapping_with_known_poses.dir/src/mapping_with_known_poses.cpp.o[0m
[100%] [32m[1mLinking CXX executable mapping_with_known_poses[0m
[100%] Built target mapping_with_known_poses
-- Install configuration: ""
-- Installing: /home/sandeep/bumperbot_ws/install/bumperbot_mapping/include/include
-- Installing: /home/sandeep/bumperbot_ws/install/bumperbot_mapping/include/include/bumperbot_mapping
-- Installing: /home/sandeep/bumperbot_ws/install/bumperbot_mapping/include/include/bumperbot_mapping/mapping_with_known_poses.hpp
-- Installing: /home/sandeep/bumperbot_ws/install/bumperbot_mapping/lib/bumperbot_mapping/mapping_with_known_poses
-- Set non-toolchain portion of runtime path of "/home/sandeep/bumperbot_ws/install/bumperbot_mapping/lib/bumperbot_mapping/mapping_with_known_poses" to ""
-- Installing: /home/sandeep/bumperbot_ws/install/bumperbot_mapping/share/bumperbot_mapping/maps
-- Installing: /home/sandeep/bumperbot_ws/install/bumperbot_mapping/share/bumperbot_mapping/maps/small_house
-- Installing: /home/sandeep/bumperbot_ws/install/bumperbot_mapping/share/bumperbot_mapping/maps/small_house/map.pgm
-- Installing: /home/sandeep/bumperbot_ws/install/bumperbot_mapping/share/bumperbot_mapping/maps/small_house/map.yaml
-- Installing: /home/sandeep/bumperbot_ws/install/bumperbot_mapping/share/bumperbot_mapping/launch
-- Installing: /home/sandeep/bumperbot_ws/install/bumperbot_mapping/share/bumperbot_mapping/launch/slam.launch.py
-- Installing: /home/sandeep/bumperbot_ws/install/bumperbot_mapping/share/bumperbot_mapping/config
-- Installing: /home/sandeep/bumperbot_ws/install/bumperbot_mapping/share/bumperbot_mapping/config/slam_toolbox.yaml
-- Installing: /home/sandeep/bumperbot_ws/install/bumperbot_mapping/share/ament_index/resource_index/package_run_dependencies/bumperbot_mapping
-- Installing: /home/sandeep/bumperbot_ws/install/bumperbot_mapping/share/ament_index/resource_index/parent_prefix_path/bumperbot_mapping
-- Installing: /home/sandeep/bumperbot_ws/install/bumperbot_mapping/share/bumperbot_mapping/environment/ament_prefix_path.sh
-- Installing: /home/sandeep/bumperbot_ws/install/bumperbot_mapping/share/bumperbot_mapping/environment/ament_prefix_path.dsv
-- Installing: /home/sandeep/bumperbot_ws/install/bumperbot_mapping/share/bumperbot_mapping/environment/path.sh
-- Installing: /home/sandeep/bumperbot_ws/install/bumperbot_mapping/share/bumperbot_mapping/environment/path.dsv
-- Installing: /home/sandeep/bumperbot_ws/install/bumperbot_mapping/share/bumperbot_mapping/local_setup.bash
-- Installing: /home/sandeep/bumperbot_ws/install/bumperbot_mapping/share/bumperbot_mapping/local_setup.sh
-- Installing: /home/sandeep/bumperbot_ws/install/bumperbot_mapping/share/bumperbot_mapping/local_setup.zsh
-- Installing: /home/sandeep/bumperbot_ws/install/bumperbot_mapping/share/bumperbot_mapping/local_setup.dsv
-- Installing: /home/sandeep/bumperbot_ws/install/bumperbot_mapping/share/bumperbot_mapping/package.dsv
-- Installing: /home/sandeep/bumperbot_ws/install/bumperbot_mapping/share/ament_index/resource_index/packages/bumperbot_mapping
-- Installing: /home/sandeep/bumperbot_ws/install/bumperbot_mapping/share/bumperbot_mapping/cmake/bumperbot_mappingConfig.cmake
-- Installing: /home/sandeep/bumperbot_ws/install/bumperbot_mapping/share/bumperbot_mapping/cmake/bumperbot_mappingConfig-version.cmake
-- Installing: /home/sandeep/bumperbot_ws/install/bumperbot_mapping/share/bumperbot_mapping/package.xml
