[0.024s] Invoking command in '/home/sandeep/bumperbot_ws/build/bumperbot_mapping': CMAKE_PREFIX_PATH=${CMAKE_PREFIX_PATH}:/opt/ros/jazzy DEBUGINFOD_URLS=https://debuginfod.ubuntu.com /usr/bin/cmake --build /home/sandeep/bumperbot_ws/build/bumperbot_mapping -- -j8 -l8
[0.066s] -- Found ament_cmake: 2.5.2 (/opt/ros/jazzy/share/ament_cmake/cmake)
[0.411s] -- Found rclcpp: 28.1.5 (/opt/ros/jazzy/share/rclcpp/cmake)
[0.490s] -- Found rosidl_generator_c: 4.6.4 (/opt/ros/jazzy/share/rosidl_generator_c/cmake)
[0.516s] -- Found rosidl_generator_cpp: 4.6.4 (/opt/ros/jazzy/share/rosidl_generator_cpp/cmake)
[0.538s] -- Using all available rosidl_typesupport_c: rosidl_typesupport_fastrtps_c;rosidl_typesupport_introspection_c
[0.563s] -- Using all available rosidl_typesupport_cpp: rosidl_typesupport_fastrtps_cpp;rosidl_typesupport_introspection_cpp
[0.682s] -- Found rmw_implementation_cmake: 7.3.1 (/opt/ros/jazzy/share/rmw_implementation_cmake/cmake)
[0.687s] -- Found rmw_fastrtps_cpp: 8.4.1 (/opt/ros/jazzy/share/rmw_fastrtps_cpp/cmake)
[0.775s] -- Using RMW implementation 'rmw_fastrtps_cpp' as default
[0.858s] -- Found sensor_msgs: 5.3.5 (/opt/ros/jazzy/share/sensor_msgs/cmake)
[0.938s] -- Found nav_msgs: 5.3.5 (/opt/ros/jazzy/share/nav_msgs/cmake)
[0.965s] -- Found tf2_ros: 0.36.4 (/opt/ros/jazzy/share/tf2_ros/cmake)
[1.177s] -- Configuring done (1.1s)
[1.197s] -- Generating done (0.0s)
[1.203s] -- Build files have been written to: /home/sandeep/bumperbot_ws/build/bumperbot_mapping
[1.240s] [100%] Built target mapping_with_known_poses
[1.249s] Invoked command in '/home/sandeep/bumperbot_ws/build/bumperbot_mapping' returned '0': CMAKE_PREFIX_PATH=${CMAKE_PREFIX_PATH}:/opt/ros/jazzy DEBUGINFOD_URLS=https://debuginfod.ubuntu.com /usr/bin/cmake --build /home/sandeep/bumperbot_ws/build/bumperbot_mapping -- -j8 -l8
[1.250s] Invoking command in '/home/sandeep/bumperbot_ws/build/bumperbot_mapping': CMAKE_PREFIX_PATH=${CMAKE_PREFIX_PATH}:/opt/ros/jazzy DEBUGINFOD_URLS=https://debuginfod.ubuntu.com /usr/bin/cmake --install /home/sandeep/bumperbot_ws/build/bumperbot_mapping
[1.256s] -- Install configuration: ""
[1.256s] -- Up-to-date: /home/sandeep/bumperbot_ws/install/bumperbot_mapping/include/include
[1.256s] -- Up-to-date: /home/sandeep/bumperbot_ws/install/bumperbot_mapping/include/include/bumperbot_mapping
[1.257s] -- Up-to-date: /home/sandeep/bumperbot_ws/install/bumperbot_mapping/include/include/bumperbot_mapping/mapping_with_known_poses.hpp
[1.257s] -- Up-to-date: /home/sandeep/bumperbot_ws/install/bumperbot_mapping/lib/bumperbot_mapping/mapping_with_known_poses
[1.257s] -- Up-to-date: /home/sandeep/bumperbot_ws/install/bumperbot_mapping/share/bumperbot_mapping/maps
[1.257s] -- Up-to-date: /home/sandeep/bumperbot_ws/install/bumperbot_mapping/share/bumperbot_mapping/maps/small_house
[1.257s] -- Up-to-date: /home/sandeep/bumperbot_ws/install/bumperbot_mapping/share/bumperbot_mapping/maps/small_house/map.pgm
[1.257s] -- Up-to-date: /home/sandeep/bumperbot_ws/install/bumperbot_mapping/share/bumperbot_mapping/maps/small_house/map.yaml
[1.257s] -- Up-to-date: /home/sandeep/bumperbot_ws/install/bumperbot_mapping/share/bumperbot_mapping/launch
[1.257s] -- Installing: /home/sandeep/bumperbot_ws/install/bumperbot_mapping/share/bumperbot_mapping/launch/slam.launch.py
[1.257s] -- Up-to-date: /home/sandeep/bumperbot_ws/install/bumperbot_mapping/share/bumperbot_mapping/config
[1.257s] -- Installing: /home/sandeep/bumperbot_ws/install/bumperbot_mapping/share/bumperbot_mapping/config/slam_toolbox.yaml
[1.257s] -- Up-to-date: /home/sandeep/bumperbot_ws/install/bumperbot_mapping/share/ament_index/resource_index/package_run_dependencies/bumperbot_mapping
[1.257s] -- Up-to-date: /home/sandeep/bumperbot_ws/install/bumperbot_mapping/share/ament_index/resource_index/parent_prefix_path/bumperbot_mapping
[1.257s] -- Up-to-date: /home/sandeep/bumperbot_ws/install/bumperbot_mapping/share/bumperbot_mapping/environment/ament_prefix_path.sh
[1.258s] -- Up-to-date: /home/sandeep/bumperbot_ws/install/bumperbot_mapping/share/bumperbot_mapping/environment/ament_prefix_path.dsv
[1.258s] -- Up-to-date: /home/sandeep/bumperbot_ws/install/bumperbot_mapping/share/bumperbot_mapping/environment/path.sh
[1.258s] -- Up-to-date: /home/sandeep/bumperbot_ws/install/bumperbot_mapping/share/bumperbot_mapping/environment/path.dsv
[1.258s] -- Up-to-date: /home/sandeep/bumperbot_ws/install/bumperbot_mapping/share/bumperbot_mapping/local_setup.bash
[1.258s] -- Up-to-date: /home/sandeep/bumperbot_ws/install/bumperbot_mapping/share/bumperbot_mapping/local_setup.sh
[1.258s] -- Up-to-date: /home/sandeep/bumperbot_ws/install/bumperbot_mapping/share/bumperbot_mapping/local_setup.zsh
[1.258s] -- Up-to-date: /home/sandeep/bumperbot_ws/install/bumperbot_mapping/share/bumperbot_mapping/local_setup.dsv
[1.258s] -- Installing: /home/sandeep/bumperbot_ws/install/bumperbot_mapping/share/bumperbot_mapping/package.dsv
[1.258s] -- Up-to-date: /home/sandeep/bumperbot_ws/install/bumperbot_mapping/share/ament_index/resource_index/packages/bumperbot_mapping
[1.258s] -- Up-to-date: /home/sandeep/bumperbot_ws/install/bumperbot_mapping/share/bumperbot_mapping/cmake/bumperbot_mappingConfig.cmake
[1.258s] -- Up-to-date: /home/sandeep/bumperbot_ws/install/bumperbot_mapping/share/bumperbot_mapping/cmake/bumperbot_mappingConfig-version.cmake
[1.258s] -- Installing: /home/sandeep/bumperbot_ws/install/bumperbot_mapping/share/bumperbot_mapping/package.xml
[1.259s] Invoked command in '/home/sandeep/bumperbot_ws/build/bumperbot_mapping' returned '0': CMAKE_PREFIX_PATH=${CMAKE_PREFIX_PATH}:/opt/ros/jazzy DEBUGINFOD_URLS=https://debuginfod.ubuntu.com /usr/bin/cmake --install /home/sandeep/bumperbot_ws/build/bumperbot_mapping
