[0.028s] Invoking command in '/home/sandeep/bumperbot_ws/build/bumperbot_controller': CMAKE_PREFIX_PATH=${CMAKE_PREFIX_PATH}:/opt/ros/jazzy DEBUGINFOD_URLS=https://debuginfod.ubuntu.com /usr/bin/cmake --build /home/sandeep/bumperbot_ws/build/bumperbot_controller -- -j8 -l8
[0.114s] [  0%] Built target ament_cmake_python_copy_bumperbot_controller
[0.114s] [ 50%] Built target simple_controller
[0.125s] [100%] Built target noisy_controller
[0.552s] running egg_info
[0.589s] writing bumperbot_controller.egg-info/PKG-INFO
[0.589s] writing dependency_links to bumperbot_controller.egg-info/dependency_links.txt
[0.589s] writing top-level names to bumperbot_controller.egg-info/top_level.txt
[0.703s] reading manifest file 'bumperbot_controller.egg-info/SOURCES.txt'
[0.704s] writing manifest file 'bumperbot_controller.egg-info/SOURCES.txt'
[0.731s] [100%] Built target ament_cmake_python_build_bumperbot_controller_egg
[0.742s] Invoked command in '/home/sandeep/bumperbot_ws/build/bumperbot_controller' returned '0': CMAKE_PREFIX_PATH=${CMAKE_PREFIX_PATH}:/opt/ros/jazzy DEBUGINFOD_URLS=https://debuginfod.ubuntu.com /usr/bin/cmake --build /home/sandeep/bumperbot_ws/build/bumperbot_controller -- -j8 -l8
[0.743s] Invoking command in '/home/sandeep/bumperbot_ws/build/bumperbot_controller': CMAKE_PREFIX_PATH=${CMAKE_PREFIX_PATH}:/opt/ros/jazzy DEBUGINFOD_URLS=https://debuginfod.ubuntu.com /usr/bin/cmake --install /home/sandeep/bumperbot_ws/build/bumperbot_controller
[0.753s] -- Install configuration: ""
[0.753s] -- Up-to-date: /home/sandeep/bumperbot_ws/install/bumperbot_controller/share/bumperbot_controller/environment/pythonpath.sh
[0.753s] -- Up-to-date: /home/sandeep/bumperbot_ws/install/bumperbot_controller/share/bumperbot_controller/environment/pythonpath.dsv
[0.753s] -- Up-to-date: /home/sandeep/bumperbot_ws/install/bumperbot_controller/lib/python3.12/site-packages/bumperbot_controller-0.0.0-py3.12.egg-info
[0.753s] -- Installing: /home/sandeep/bumperbot_ws/install/bumperbot_controller/lib/python3.12/site-packages/bumperbot_controller-0.0.0-py3.12.egg-info/PKG-INFO
[0.753s] -- Installing: /home/sandeep/bumperbot_ws/install/bumperbot_controller/lib/python3.12/site-packages/bumperbot_controller-0.0.0-py3.12.egg-info/dependency_links.txt
[0.753s] -- Installing: /home/sandeep/bumperbot_ws/install/bumperbot_controller/lib/python3.12/site-packages/bumperbot_controller-0.0.0-py3.12.egg-info/top_level.txt
[0.753s] -- Installing: /home/sandeep/bumperbot_ws/install/bumperbot_controller/lib/python3.12/site-packages/bumperbot_controller-0.0.0-py3.12.egg-info/SOURCES.txt
[0.753s] -- Up-to-date: /home/sandeep/bumperbot_ws/install/bumperbot_controller/lib/python3.12/site-packages/bumperbot_controller
[0.754s] -- Up-to-date: /home/sandeep/bumperbot_ws/install/bumperbot_controller/lib/python3.12/site-packages/bumperbot_controller/simple_controller.py
[0.754s] -- Up-to-date: /home/sandeep/bumperbot_ws/install/bumperbot_controller/lib/python3.12/site-packages/bumperbot_controller/twist_relay.py
[0.754s] -- Up-to-date: /home/sandeep/bumperbot_ws/install/bumperbot_controller/lib/python3.12/site-packages/bumperbot_controller/__init__.py
[0.754s] -- Up-to-date: /home/sandeep/bumperbot_ws/install/bumperbot_controller/lib/python3.12/site-packages/bumperbot_controller/noisy_controller.py
[0.815s] Listing '/home/sandeep/bumperbot_ws/install/bumperbot_controller/lib/python3.12/site-packages/bumperbot_controller'...
[0.822s] -- Up-to-date: /home/sandeep/bumperbot_ws/install/bumperbot_controller/include/include
[0.822s] -- Up-to-date: /home/sandeep/bumperbot_ws/install/bumperbot_controller/include/include/bumperbot_controller
[0.822s] -- Up-to-date: /home/sandeep/bumperbot_ws/install/bumperbot_controller/include/include/bumperbot_controller/simple_controller.hpp
[0.822s] -- Up-to-date: /home/sandeep/bumperbot_ws/install/bumperbot_controller/include/include/bumperbot_controller/noisy_controller.hpp
[0.823s] -- Up-to-date: /home/sandeep/bumperbot_ws/install/bumperbot_controller/lib/bumperbot_controller/simple_controller
[0.823s] -- Up-to-date: /home/sandeep/bumperbot_ws/install/bumperbot_controller/lib/bumperbot_controller/noisy_controller
[0.824s] -- Up-to-date: /home/sandeep/bumperbot_ws/install/bumperbot_controller/share/bumperbot_controller/launch
[0.825s] -- Up-to-date: /home/sandeep/bumperbot_ws/install/bumperbot_controller/share/bumperbot_controller/launch/controller.launch.py
[0.825s] -- Up-to-date: /home/sandeep/bumperbot_ws/install/bumperbot_controller/share/bumperbot_controller/launch/joystick_teleop.launch.py
[0.825s] -- Up-to-date: /home/sandeep/bumperbot_ws/install/bumperbot_controller/share/bumperbot_controller/config
[0.825s] -- Up-to-date: /home/sandeep/bumperbot_ws/install/bumperbot_controller/share/bumperbot_controller/config/twist_mux_locks.yaml
[0.826s] -- Up-to-date: /home/sandeep/bumperbot_ws/install/bumperbot_controller/share/bumperbot_controller/config/bumperbot_controllers.yaml
[0.826s] -- Up-to-date: /home/sandeep/bumperbot_ws/install/bumperbot_controller/share/bumperbot_controller/config/twist_mux_joy.yaml
[0.826s] -- Up-to-date: /home/sandeep/bumperbot_ws/install/bumperbot_controller/share/bumperbot_controller/config/twist_mux_topics.yaml
[0.826s] -- Up-to-date: /home/sandeep/bumperbot_ws/install/bumperbot_controller/share/bumperbot_controller/config/joy_config.yaml
[0.826s] -- Up-to-date: /home/sandeep/bumperbot_ws/install/bumperbot_controller/share/bumperbot_controller/config/joy_teleop.yaml
[0.827s] -- Up-to-date: /home/sandeep/bumperbot_ws/install/bumperbot_controller/lib/bumperbot_controller/simple_controller.py
[0.827s] -- Up-to-date: /home/sandeep/bumperbot_ws/install/bumperbot_controller/lib/bumperbot_controller/noisy_controller.py
[0.827s] -- Up-to-date: /home/sandeep/bumperbot_ws/install/bumperbot_controller/lib/bumperbot_controller/twist_relay.py
[0.827s] -- Up-to-date: /home/sandeep/bumperbot_ws/install/bumperbot_controller/share/ament_index/resource_index/package_run_dependencies/bumperbot_controller
[0.827s] -- Up-to-date: /home/sandeep/bumperbot_ws/install/bumperbot_controller/share/ament_index/resource_index/parent_prefix_path/bumperbot_controller
[0.827s] -- Up-to-date: /home/sandeep/bumperbot_ws/install/bumperbot_controller/share/bumperbot_controller/environment/ament_prefix_path.sh
[0.827s] -- Up-to-date: /home/sandeep/bumperbot_ws/install/bumperbot_controller/share/bumperbot_controller/environment/ament_prefix_path.dsv
[0.827s] -- Up-to-date: /home/sandeep/bumperbot_ws/install/bumperbot_controller/share/bumperbot_controller/environment/path.sh
[0.828s] -- Up-to-date: /home/sandeep/bumperbot_ws/install/bumperbot_controller/share/bumperbot_controller/environment/path.dsv
[0.828s] -- Up-to-date: /home/sandeep/bumperbot_ws/install/bumperbot_controller/share/bumperbot_controller/local_setup.bash
[0.828s] -- Up-to-date: /home/sandeep/bumperbot_ws/install/bumperbot_controller/share/bumperbot_controller/local_setup.sh
[0.828s] -- Up-to-date: /home/sandeep/bumperbot_ws/install/bumperbot_controller/share/bumperbot_controller/local_setup.zsh
[0.828s] -- Up-to-date: /home/sandeep/bumperbot_ws/install/bumperbot_controller/share/bumperbot_controller/local_setup.dsv
[0.828s] -- Installing: /home/sandeep/bumperbot_ws/install/bumperbot_controller/share/bumperbot_controller/package.dsv
[0.828s] -- Up-to-date: /home/sandeep/bumperbot_ws/install/bumperbot_controller/share/ament_index/resource_index/packages/bumperbot_controller
[0.828s] -- Up-to-date: /home/sandeep/bumperbot_ws/install/bumperbot_controller/share/bumperbot_controller/cmake/bumperbot_controllerConfig.cmake
[0.828s] -- Up-to-date: /home/sandeep/bumperbot_ws/install/bumperbot_controller/share/bumperbot_controller/cmake/bumperbot_controllerConfig-version.cmake
[0.828s] -- Up-to-date: /home/sandeep/bumperbot_ws/install/bumperbot_controller/share/bumperbot_controller/package.xml
[0.829s] Invoked command in '/home/sandeep/bumperbot_ws/build/bumperbot_controller' returned '0': CMAKE_PREFIX_PATH=${CMAKE_PREFIX_PATH}:/opt/ros/jazzy DEBUGINFOD_URLS=https://debuginfod.ubuntu.com /usr/bin/cmake --install /home/sandeep/bumperbot_ws/build/bumperbot_controller
