[0.027s] Invoking command in '/home/sandeep/bumperbot_ws/build/bumperbot_localization': CMAKE_PREFIX_PATH=${CMAKE_PREFIX_PATH}:/opt/ros/jazzy DEBUGINFOD_URLS=https://debuginfod.ubuntu.com /usr/bin/cmake --build /home/sandeep/bumperbot_ws/build/bumperbot_localization -- -j8 -l8
[0.138s] [ 50%] Built target kalman_filter
[0.140s] [ 50%] Built target ament_cmake_python_copy_bumperbot_localization
[0.140s] [100%] Built target imu_republisher
[0.612s] running egg_info
[0.657s] writing bumperbot_localization.egg-info/PKG-INFO
[0.657s] writing dependency_links to bumperbot_localization.egg-info/dependency_links.txt
[0.657s] writing top-level names to bumperbot_localization.egg-info/top_level.txt
[0.759s] reading manifest file 'bumperbot_localization.egg-info/SOURCES.txt'
[0.760s] writing manifest file 'bumperbot_localization.egg-info/SOURCES.txt'
[0.821s] [100%] Built target ament_cmake_python_build_bumperbot_localization_egg
[0.837s] Invoked command in '/home/sandeep/bumperbot_ws/build/bumperbot_localization' returned '0': CMAKE_PREFIX_PATH=${CMAKE_PREFIX_PATH}:/opt/ros/jazzy DEBUGINFOD_URLS=https://debuginfod.ubuntu.com /usr/bin/cmake --build /home/sandeep/bumperbot_ws/build/bumperbot_localization -- -j8 -l8
[0.838s] Invoking command in '/home/sandeep/bumperbot_ws/build/bumperbot_localization': CMAKE_PREFIX_PATH=${CMAKE_PREFIX_PATH}:/opt/ros/jazzy DEBUGINFOD_URLS=https://debuginfod.ubuntu.com /usr/bin/cmake --install /home/sandeep/bumperbot_ws/build/bumperbot_localization
[0.848s] -- Install configuration: ""
[0.848s] -- Up-to-date: /home/sandeep/bumperbot_ws/install/bumperbot_localization/share/bumperbot_localization/environment/pythonpath.sh
[0.849s] -- Up-to-date: /home/sandeep/bumperbot_ws/install/bumperbot_localization/share/bumperbot_localization/environment/pythonpath.dsv
[0.849s] -- Up-to-date: /home/sandeep/bumperbot_ws/install/bumperbot_localization/lib/python3.12/site-packages/bumperbot_localization-0.0.0-py3.12.egg-info
[0.849s] -- Installing: /home/sandeep/bumperbot_ws/install/bumperbot_localization/lib/python3.12/site-packages/bumperbot_localization-0.0.0-py3.12.egg-info/PKG-INFO
[0.849s] -- Installing: /home/sandeep/bumperbot_ws/install/bumperbot_localization/lib/python3.12/site-packages/bumperbot_localization-0.0.0-py3.12.egg-info/dependency_links.txt
[0.849s] -- Installing: /home/sandeep/bumperbot_ws/install/bumperbot_localization/lib/python3.12/site-packages/bumperbot_localization-0.0.0-py3.12.egg-info/top_level.txt
[0.849s] -- Installing: /home/sandeep/bumperbot_ws/install/bumperbot_localization/lib/python3.12/site-packages/bumperbot_localization-0.0.0-py3.12.egg-info/SOURCES.txt
[0.850s] -- Up-to-date: /home/sandeep/bumperbot_ws/install/bumperbot_localization/lib/python3.12/site-packages/bumperbot_localization
[0.850s] -- Up-to-date: /home/sandeep/bumperbot_ws/install/bumperbot_localization/lib/python3.12/site-packages/bumperbot_localization/kalman_filter.py
[0.850s] -- Up-to-date: /home/sandeep/bumperbot_ws/install/bumperbot_localization/lib/python3.12/site-packages/bumperbot_localization/__init__.py
[0.850s] -- Up-to-date: /home/sandeep/bumperbot_ws/install/bumperbot_localization/lib/python3.12/site-packages/bumperbot_localization/odometry_motion_model.py
[0.850s] -- Up-to-date: /home/sandeep/bumperbot_ws/install/bumperbot_localization/lib/python3.12/site-packages/bumperbot_localization/imu_republisher.py
[0.891s] Listing '/home/sandeep/bumperbot_ws/install/bumperbot_localization/lib/python3.12/site-packages/bumperbot_localization'...
[0.899s] -- Up-to-date: /home/sandeep/bumperbot_ws/install/bumperbot_localization/include/include
[0.899s] -- Up-to-date: /home/sandeep/bumperbot_ws/install/bumperbot_localization/include/include/bumperbot_localization
[0.899s] -- Up-to-date: /home/sandeep/bumperbot_ws/install/bumperbot_localization/include/include/bumperbot_localization/kalman_filter.hpp
[0.899s] -- Up-to-date: /home/sandeep/bumperbot_ws/install/bumperbot_localization/include/include/bumperbot_localization/odometry_motion_model.hpp
[0.899s] -- Up-to-date: /home/sandeep/bumperbot_ws/install/bumperbot_localization/lib/bumperbot_localization/kalman_filter
[0.901s] -- Up-to-date: /home/sandeep/bumperbot_ws/install/bumperbot_localization/lib/bumperbot_localization/imu_republisher
[0.901s] -- Up-to-date: /home/sandeep/bumperbot_ws/install/bumperbot_localization/share/bumperbot_localization/launch
[0.901s] -- Up-to-date: /home/sandeep/bumperbot_ws/install/bumperbot_localization/share/bumperbot_localization/launch/global_localization.launch.py
[0.901s] -- Up-to-date: /home/sandeep/bumperbot_ws/install/bumperbot_localization/share/bumperbot_localization/launch/local_localization.launch.py
[0.901s] -- Up-to-date: /home/sandeep/bumperbot_ws/install/bumperbot_localization/share/bumperbot_localization/config
[0.901s] -- Up-to-date: /home/sandeep/bumperbot_ws/install/bumperbot_localization/share/bumperbot_localization/config/odometry_motion_model.rviz
[0.901s] -- Up-to-date: /home/sandeep/bumperbot_ws/install/bumperbot_localization/share/bumperbot_localization/config/ekf.yaml
[0.902s] -- Up-to-date: /home/sandeep/bumperbot_ws/install/bumperbot_localization/share/bumperbot_localization/config/amcl.yaml
[0.902s] -- Up-to-date: /home/sandeep/bumperbot_ws/install/bumperbot_localization/lib/bumperbot_localization/kalman_filter.py
[0.902s] -- Up-to-date: /home/sandeep/bumperbot_ws/install/bumperbot_localization/lib/bumperbot_localization/imu_republisher.py
[0.902s] -- Up-to-date: /home/sandeep/bumperbot_ws/install/bumperbot_localization/lib/bumperbot_localization/odometry_motion_model.py
[0.902s] -- Up-to-date: /home/sandeep/bumperbot_ws/install/bumperbot_localization/share/ament_index/resource_index/package_run_dependencies/bumperbot_localization
[0.902s] -- Up-to-date: /home/sandeep/bumperbot_ws/install/bumperbot_localization/share/ament_index/resource_index/parent_prefix_path/bumperbot_localization
[0.902s] -- Up-to-date: /home/sandeep/bumperbot_ws/install/bumperbot_localization/share/bumperbot_localization/environment/ament_prefix_path.sh
[0.902s] -- Up-to-date: /home/sandeep/bumperbot_ws/install/bumperbot_localization/share/bumperbot_localization/environment/ament_prefix_path.dsv
[0.902s] -- Up-to-date: /home/sandeep/bumperbot_ws/install/bumperbot_localization/share/bumperbot_localization/environment/path.sh
[0.902s] -- Up-to-date: /home/sandeep/bumperbot_ws/install/bumperbot_localization/share/bumperbot_localization/environment/path.dsv
[0.903s] -- Up-to-date: /home/sandeep/bumperbot_ws/install/bumperbot_localization/share/bumperbot_localization/local_setup.bash
[0.903s] -- Up-to-date: /home/sandeep/bumperbot_ws/install/bumperbot_localization/share/bumperbot_localization/local_setup.sh
[0.903s] -- Up-to-date: /home/sandeep/bumperbot_ws/install/bumperbot_localization/share/bumperbot_localization/local_setup.zsh
[0.903s] -- Up-to-date: /home/sandeep/bumperbot_ws/install/bumperbot_localization/share/bumperbot_localization/local_setup.dsv
[0.903s] -- Installing: /home/sandeep/bumperbot_ws/install/bumperbot_localization/share/bumperbot_localization/package.dsv
[0.903s] -- Up-to-date: /home/sandeep/bumperbot_ws/install/bumperbot_localization/share/ament_index/resource_index/packages/bumperbot_localization
[0.903s] -- Up-to-date: /home/sandeep/bumperbot_ws/install/bumperbot_localization/share/bumperbot_localization/cmake/bumperbot_localizationConfig.cmake
[0.903s] -- Up-to-date: /home/sandeep/bumperbot_ws/install/bumperbot_localization/share/bumperbot_localization/cmake/bumperbot_localizationConfig-version.cmake
[0.903s] -- Up-to-date: /home/sandeep/bumperbot_ws/install/bumperbot_localization/share/bumperbot_localization/package.xml
[0.934s] Invoked command in '/home/sandeep/bumperbot_ws/build/bumperbot_localization' returned '0': CMAKE_PREFIX_PATH=${CMAKE_PREFIX_PATH}:/opt/ros/jazzy DEBUGINFOD_URLS=https://debuginfod.ubuntu.com /usr/bin/cmake --install /home/sandeep/bumperbot_ws/build/bumperbot_localization
