[1.815s] Invoking command in '/home/sandeep/bumperbot_ws/src/bumperbot_py_examples': AMENT_PREFIX_PATH=/home/sandeep/bumperbot_ws/install/bumperbot_msgs:${AMENT_PREFIX_PATH} CMAKE_PREFIX_PATH=/home/sandeep/bumperbot_ws/install/bumperbot_msgs:${CMAKE_PREFIX_PATH} DEBUGINFOD_URLS=https://debuginfod.ubuntu.com LD_LIBRARY_PATH=/home/sandeep/bumperbot_ws/install/bumperbot_msgs/lib:${LD_LIBRARY_PATH} PYTHONPATH=/home/sandeep/bumperbot_ws/build/bumperbot_py_examples/prefix_override:/usr/lib/python3/dist-packages/colcon_core/task/python/colcon_distutils_commands:/home/sandeep/bumperbot_ws/install/bumperbot_py_examples/lib/python3.12/site-packages:/home/sandeep/bumperbot_ws/install/bumperbot_msgs/lib/python3.12/site-packages:${PYTHONPATH} /usr/bin/python3 -W ignore:setup.py install is deprecated -W ignore:easy_install command is deprecated setup.py egg_info --egg-base ../../build/bumperbot_py_examples build --build-base /home/sandeep/bumperbot_ws/build/bumperbot_py_examples/build install --record /home/sandeep/bumperbot_ws/build/bumperbot_py_examples/install.log --single-version-externally-managed install_data
[2.201s] running egg_info
[2.223s] writing ../../build/bumperbot_py_examples/bumperbot_py_examples.egg-info/PKG-INFO
[2.223s] writing dependency_links to ../../build/bumperbot_py_examples/bumperbot_py_examples.egg-info/dependency_links.txt
[2.224s] writing entry points to ../../build/bumperbot_py_examples/bumperbot_py_examples.egg-info/entry_points.txt
[2.224s] writing requirements to ../../build/bumperbot_py_examples/bumperbot_py_examples.egg-info/requires.txt
[2.224s] writing top-level names to ../../build/bumperbot_py_examples/bumperbot_py_examples.egg-info/top_level.txt
[2.273s] reading manifest file '../../build/bumperbot_py_examples/bumperbot_py_examples.egg-info/SOURCES.txt'
[2.274s] writing manifest file '../../build/bumperbot_py_examples/bumperbot_py_examples.egg-info/SOURCES.txt'
[2.274s] running build
[2.274s] running build_py
[2.275s] running install
[2.282s] running install_lib
[2.308s] running install_data
[2.308s] running install_egg_info
[2.333s] removing '/home/sandeep/bumperbot_ws/install/bumperbot_py_examples/lib/python3.12/site-packages/bumperbot_py_examples-0.0.0-py3.12.egg-info' (and everything under it)
[2.334s] Copying ../../build/bumperbot_py_examples/bumperbot_py_examples.egg-info to /home/sandeep/bumperbot_ws/install/bumperbot_py_examples/lib/python3.12/site-packages/bumperbot_py_examples-0.0.0-py3.12.egg-info
[2.335s] running install_scripts
[2.487s] Installing simple_lifecycle_node script to /home/sandeep/bumperbot_ws/install/bumperbot_py_examples/lib/bumperbot_py_examples
[2.488s] Installing simple_parameter script to /home/sandeep/bumperbot_ws/install/bumperbot_py_examples/lib/bumperbot_py_examples
[2.488s] Installing simple_publisher script to /home/sandeep/bumperbot_ws/install/bumperbot_py_examples/lib/bumperbot_py_examples
[2.488s] Installing simple_service_client script to /home/sandeep/bumperbot_ws/install/bumperbot_py_examples/lib/bumperbot_py_examples
[2.488s] Installing simple_service_server script to /home/sandeep/bumperbot_ws/install/bumperbot_py_examples/lib/bumperbot_py_examples
[2.488s] Installing simple_subscriber script to /home/sandeep/bumperbot_ws/install/bumperbot_py_examples/lib/bumperbot_py_examples
[2.488s] Installing simple_tf_kinematics script to /home/sandeep/bumperbot_ws/install/bumperbot_py_examples/lib/bumperbot_py_examples
[2.488s] Installing simple_turtlesim_kinematics script to /home/sandeep/bumperbot_ws/install/bumperbot_py_examples/lib/bumperbot_py_examples
[2.489s] writing list of installed files to '/home/sandeep/bumperbot_ws/build/bumperbot_py_examples/install.log'
[2.535s] Invoked command in '/home/sandeep/bumperbot_ws/src/bumperbot_py_examples' returned '0': AMENT_PREFIX_PATH=/home/sandeep/bumperbot_ws/install/bumperbot_msgs:${AMENT_PREFIX_PATH} CMAKE_PREFIX_PATH=/home/sandeep/bumperbot_ws/install/bumperbot_msgs:${CMAKE_PREFIX_PATH} DEBUGINFOD_URLS=https://debuginfod.ubuntu.com LD_LIBRARY_PATH=/home/sandeep/bumperbot_ws/install/bumperbot_msgs/lib:${LD_LIBRARY_PATH} PYTHONPATH=/home/sandeep/bumperbot_ws/build/bumperbot_py_examples/prefix_override:/usr/lib/python3/dist-packages/colcon_core/task/python/colcon_distutils_commands:/home/sandeep/bumperbot_ws/install/bumperbot_py_examples/lib/python3.12/site-packages:/home/sandeep/bumperbot_ws/install/bumperbot_msgs/lib/python3.12/site-packages:${PYTHONPATH} /usr/bin/python3 -W ignore:setup.py install is deprecated -W ignore:easy_install command is deprecated setup.py egg_info --egg-base ../../build/bumperbot_py_examples build --build-base /home/sandeep/bumperbot_ws/build/bumperbot_py_examples/build install --record /home/sandeep/bumperbot_ws/build/bumperbot_py_examples/install.log --single-version-externally-managed install_data
