[0.023s] Invoking command in '/home/sandeep/bumperbot_ws/build/bumperbot_localization': CMAKE_PREFIX_PATH=${CMAKE_PREFIX_PATH}:/opt/ros/jazzy DEBUGINFOD_URLS=https://debuginfod.ubuntu.com /usr/bin/cmake --build /home/sandeep/bumperbot_ws/build/bumperbot_localization -- -j8 -l8
[0.120s] [ 50%] Built target kalman_filter
[0.124s] [100%] Built target imu_republisher
[0.128s] [100%] Built target ament_cmake_python_copy_bumperbot_localization
[0.709s] running egg_info
[0.744s] writing bumperbot_localization.egg-info/PKG-INFO
[0.745s] writing dependency_links to bumperbot_localization.egg-info/dependency_links.txt
[0.745s] writing top-level names to bumperbot_localization.egg-info/top_level.txt
[0.855s] reading manifest file 'bumperbot_localization.egg-info/SOURCES.txt'
[0.856s] writing manifest file 'bumperbot_localization.egg-info/SOURCES.txt'
[0.900s] [100%] Built target ament_cmake_python_build_bumperbot_localization_egg
[1.245s] Invoked command in '/home/sandeep/bumperbot_ws/build/bumperbot_localization' returned '0': CMAKE_PREFIX_PATH=${CMAKE_PREFIX_PATH}:/opt/ros/jazzy DEBUGINFOD_URLS=https://debuginfod.ubuntu.com /usr/bin/cmake --build /home/sandeep/bumperbot_ws/build/bumperbot_localization -- -j8 -l8
[1.247s] Invoking command in '/home/sandeep/bumperbot_ws/build/bumperbot_localization': CMAKE_PREFIX_PATH=${CMAKE_PREFIX_PATH}:/opt/ros/jazzy DEBUGINFOD_URLS=https://debuginfod.ubuntu.com /usr/bin/cmake --install /home/sandeep/bumperbot_ws/build/bumperbot_localization
[1.263s] -- Install configuration: ""
[1.264s] -- Up-to-date: /home/sandeep/bumperbot_ws/install/bumperbot_localization/share/bumperbot_localization/environment/pythonpath.sh
[1.264s] -- Up-to-date: /home/sandeep/bumperbot_ws/install/bumperbot_localization/share/bumperbot_localization/environment/pythonpath.dsv
[1.265s] -- Up-to-date: /home/sandeep/bumperbot_ws/install/bumperbot_localization/lib/python3.12/site-packages/bumperbot_localization-0.0.0-py3.12.egg-info
[1.265s] -- Installing: /home/sandeep/bumperbot_ws/install/bumperbot_localization/lib/python3.12/site-packages/bumperbot_localization-0.0.0-py3.12.egg-info/PKG-INFO
[1.265s] -- Installing: /home/sandeep/bumperbot_ws/install/bumperbot_localization/lib/python3.12/site-packages/bumperbot_localization-0.0.0-py3.12.egg-info/dependency_links.txt
[1.265s] -- Installing: /home/sandeep/bumperbot_ws/install/bumperbot_localization/lib/python3.12/site-packages/bumperbot_localization-0.0.0-py3.12.egg-info/top_level.txt
[1.265s] -- Installing: /home/sandeep/bumperbot_ws/install/bumperbot_localization/lib/python3.12/site-packages/bumperbot_localization-0.0.0-py3.12.egg-info/SOURCES.txt
[1.266s] -- Up-to-date: /home/sandeep/bumperbot_ws/install/bumperbot_localization/lib/python3.12/site-packages/bumperbot_localization
[1.266s] -- Up-to-date: /home/sandeep/bumperbot_ws/install/bumperbot_localization/lib/python3.12/site-packages/bumperbot_localization/kalman_filter.py
[1.266s] -- Up-to-date: /home/sandeep/bumperbot_ws/install/bumperbot_localization/lib/python3.12/site-packages/bumperbot_localization/__init__.py
[1.266s] -- Up-to-date: /home/sandeep/bumperbot_ws/install/bumperbot_localization/lib/python3.12/site-packages/bumperbot_localization/odometry_motion_model.py
[1.266s] -- Up-to-date: /home/sandeep/bumperbot_ws/install/bumperbot_localization/lib/python3.12/site-packages/bumperbot_localization/imu_republisher.py
[1.348s] Listing '/home/sandeep/bumperbot_ws/install/bumperbot_localization/lib/python3.12/site-packages/bumperbot_localization'...
[1.365s] -- Up-to-date: /home/sandeep/bumperbot_ws/install/bumperbot_localization/include/include
[1.366s] -- Up-to-date: /home/sandeep/bumperbot_ws/install/bumperbot_localization/include/include/bumperbot_localization
[1.366s] -- Up-to-date: /home/sandeep/bumperbot_ws/install/bumperbot_localization/include/include/bumperbot_localization/kalman_filter.hpp
[1.366s] -- Up-to-date: /home/sandeep/bumperbot_ws/install/bumperbot_localization/include/include/bumperbot_localization/odometry_motion_model.hpp
[1.366s] -- Up-to-date: /home/sandeep/bumperbot_ws/install/bumperbot_localization/lib/bumperbot_localization/kalman_filter
[1.366s] -- Up-to-date: /home/sandeep/bumperbot_ws/install/bumperbot_localization/lib/bumperbot_localization/imu_republisher
[1.366s] -- Up-to-date: /home/sandeep/bumperbot_ws/install/bumperbot_localization/share/bumperbot_localization/launch
[1.366s] -- Up-to-date: /home/sandeep/bumperbot_ws/install/bumperbot_localization/share/bumperbot_localization/launch/global_localization.launch.py
[1.366s] -- Up-to-date: /home/sandeep/bumperbot_ws/install/bumperbot_localization/share/bumperbot_localization/launch/local_localization.launch.py
[1.367s] -- Up-to-date: /home/sandeep/bumperbot_ws/install/bumperbot_localization/share/bumperbot_localization/config
[1.367s] -- Up-to-date: /home/sandeep/bumperbot_ws/install/bumperbot_localization/share/bumperbot_localization/config/odometry_motion_model.rviz
[1.367s] -- Up-to-date: /home/sandeep/bumperbot_ws/install/bumperbot_localization/share/bumperbot_localization/config/ekf.yaml
[1.367s] -- Up-to-date: /home/sandeep/bumperbot_ws/install/bumperbot_localization/share/bumperbot_localization/config/amcl.yaml
[1.367s] -- Up-to-date: /home/sandeep/bumperbot_ws/install/bumperbot_localization/lib/bumperbot_localization/kalman_filter.py
[1.369s] -- Up-to-date: /home/sandeep/bumperbot_ws/install/bumperbot_localization/lib/bumperbot_localization/imu_republisher.py
[1.369s] -- Up-to-date: /home/sandeep/bumperbot_ws/install/bumperbot_localization/lib/bumperbot_localization/odometry_motion_model.py
[1.369s] -- Up-to-date: /home/sandeep/bumperbot_ws/install/bumperbot_localization/share/ament_index/resource_index/package_run_dependencies/bumperbot_localization
[1.370s] -- Up-to-date: /home/sandeep/bumperbot_ws/install/bumperbot_localization/share/ament_index/resource_index/parent_prefix_path/bumperbot_localization
[1.370s] -- Up-to-date: /home/sandeep/bumperbot_ws/install/bumperbot_localization/share/bumperbot_localization/environment/ament_prefix_path.sh
[1.370s] -- Up-to-date: /home/sandeep/bumperbot_ws/install/bumperbot_localization/share/bumperbot_localization/environment/ament_prefix_path.dsv
[1.370s] -- Up-to-date: /home/sandeep/bumperbot_ws/install/bumperbot_localization/share/bumperbot_localization/environment/path.sh
[1.370s] -- Up-to-date: /home/sandeep/bumperbot_ws/install/bumperbot_localization/share/bumperbot_localization/environment/path.dsv
[1.370s] -- Up-to-date: /home/sandeep/bumperbot_ws/install/bumperbot_localization/share/bumperbot_localization/local_setup.bash
[1.370s] -- Up-to-date: /home/sandeep/bumperbot_ws/install/bumperbot_localization/share/bumperbot_localization/local_setup.sh
[1.370s] -- Up-to-date: /home/sandeep/bumperbot_ws/install/bumperbot_localization/share/bumperbot_localization/local_setup.zsh
[1.370s] -- Up-to-date: /home/sandeep/bumperbot_ws/install/bumperbot_localization/share/bumperbot_localization/local_setup.dsv
[1.371s] -- Installing: /home/sandeep/bumperbot_ws/install/bumperbot_localization/share/bumperbot_localization/package.dsv
[1.371s] -- Up-to-date: /home/sandeep/bumperbot_ws/install/bumperbot_localization/share/ament_index/resource_index/packages/bumperbot_localization
[1.371s] -- Up-to-date: /home/sandeep/bumperbot_ws/install/bumperbot_localization/share/bumperbot_localization/cmake/bumperbot_localizationConfig.cmake
[1.371s] -- Up-to-date: /home/sandeep/bumperbot_ws/install/bumperbot_localization/share/bumperbot_localization/cmake/bumperbot_localizationConfig-version.cmake
[1.371s] -- Up-to-date: /home/sandeep/bumperbot_ws/install/bumperbot_localization/share/bumperbot_localization/package.xml
[1.375s] Invoked command in '/home/sandeep/bumperbot_ws/build/bumperbot_localization' returned '0': CMAKE_PREFIX_PATH=${CMAKE_PREFIX_PATH}:/opt/ros/jazzy DEBUGINFOD_URLS=https://debuginfod.ubuntu.com /usr/bin/cmake --install /home/sandeep/bumperbot_ws/build/bumperbot_localization
