[1.565s] Invoking command in '/home/sandeep/bumperbot_ws/src/bumperbot_py_examples': AMENT_PREFIX_PATH=/home/sandeep/bumperbot_ws/install/bumperbot_msgs:${AMENT_PREFIX_PATH} CMAKE_PREFIX_PATH=/home/sandeep/bumperbot_ws/install/bumperbot_msgs:${CMAKE_PREFIX_PATH} DEBUGINFOD_URLS=https://debuginfod.ubuntu.com LD_LIBRARY_PATH=/home/sandeep/bumperbot_ws/install/bumperbot_msgs/lib:${LD_LIBRARY_PATH} PYTHONPATH=/home/sandeep/bumperbot_ws/build/bumperbot_py_examples/prefix_override:/usr/lib/python3/dist-packages/colcon_core/task/python/colcon_distutils_commands:/home/sandeep/bumperbot_ws/install/bumperbot_py_examples/lib/python3.12/site-packages:/home/sandeep/bumperbot_ws/install/bumperbot_msgs/lib/python3.12/site-packages:${PYTHONPATH} /usr/bin/python3 -W ignore:setup.py install is deprecated -W ignore:easy_install command is deprecated setup.py egg_info --egg-base ../../build/bumperbot_py_examples build --build-base /home/sandeep/bumperbot_ws/build/bumperbot_py_examples/build install --record /home/sandeep/bumperbot_ws/build/bumperbot_py_examples/install.log --single-version-externally-managed install_data
[1.951s] running egg_info
[1.974s] writing ../../build/bumperbot_py_examples/bumperbot_py_examples.egg-info/PKG-INFO
[1.974s] writing dependency_links to ../../build/bumperbot_py_examples/bumperbot_py_examples.egg-info/dependency_links.txt
[1.974s] writing entry points to ../../build/bumperbot_py_examples/bumperbot_py_examples.egg-info/entry_points.txt
[1.975s] writing requirements to ../../build/bumperbot_py_examples/bumperbot_py_examples.egg-info/requires.txt
[1.975s] writing top-level names to ../../build/bumperbot_py_examples/bumperbot_py_examples.egg-info/top_level.txt
[2.017s] reading manifest file '../../build/bumperbot_py_examples/bumperbot_py_examples.egg-info/SOURCES.txt'
[2.017s] writing manifest file '../../build/bumperbot_py_examples/bumperbot_py_examples.egg-info/SOURCES.txt'
[2.017s] running build
[2.017s] running build_py
[2.018s] running install
[2.024s] running install_lib
[2.046s] running install_data
[2.046s] running install_egg_info
[2.068s] removing '/home/sandeep/bumperbot_ws/install/bumperbot_py_examples/lib/python3.12/site-packages/bumperbot_py_examples-0.0.0-py3.12.egg-info' (and everything under it)
[2.068s] Copying ../../build/bumperbot_py_examples/bumperbot_py_examples.egg-info to /home/sandeep/bumperbot_ws/install/bumperbot_py_examples/lib/python3.12/site-packages/bumperbot_py_examples-0.0.0-py3.12.egg-info
[2.069s] running install_scripts
[2.201s] Installing simple_lifecycle_node script to /home/sandeep/bumperbot_ws/install/bumperbot_py_examples/lib/bumperbot_py_examples
[2.201s] Installing simple_parameter script to /home/sandeep/bumperbot_ws/install/bumperbot_py_examples/lib/bumperbot_py_examples
[2.201s] Installing simple_publisher script to /home/sandeep/bumperbot_ws/install/bumperbot_py_examples/lib/bumperbot_py_examples
[2.202s] Installing simple_service_client script to /home/sandeep/bumperbot_ws/install/bumperbot_py_examples/lib/bumperbot_py_examples
[2.202s] Installing simple_service_server script to /home/sandeep/bumperbot_ws/install/bumperbot_py_examples/lib/bumperbot_py_examples
[2.202s] Installing simple_subscriber script to /home/sandeep/bumperbot_ws/install/bumperbot_py_examples/lib/bumperbot_py_examples
[2.202s] Installing simple_tf_kinematics script to /home/sandeep/bumperbot_ws/install/bumperbot_py_examples/lib/bumperbot_py_examples
[2.202s] Installing simple_turtlesim_kinematics script to /home/sandeep/bumperbot_ws/install/bumperbot_py_examples/lib/bumperbot_py_examples
[2.202s] writing list of installed files to '/home/sandeep/bumperbot_ws/build/bumperbot_py_examples/install.log'
[2.233s] Invoked command in '/home/sandeep/bumperbot_ws/src/bumperbot_py_examples' returned '0': AMENT_PREFIX_PATH=/home/sandeep/bumperbot_ws/install/bumperbot_msgs:${AMENT_PREFIX_PATH} CMAKE_PREFIX_PATH=/home/sandeep/bumperbot_ws/install/bumperbot_msgs:${CMAKE_PREFIX_PATH} DEBUGINFOD_URLS=https://debuginfod.ubuntu.com LD_LIBRARY_PATH=/home/sandeep/bumperbot_ws/install/bumperbot_msgs/lib:${LD_LIBRARY_PATH} PYTHONPATH=/home/sandeep/bumperbot_ws/build/bumperbot_py_examples/prefix_override:/usr/lib/python3/dist-packages/colcon_core/task/python/colcon_distutils_commands:/home/sandeep/bumperbot_ws/install/bumperbot_py_examples/lib/python3.12/site-packages:/home/sandeep/bumperbot_ws/install/bumperbot_msgs/lib/python3.12/site-packages:${PYTHONPATH} /usr/bin/python3 -W ignore:setup.py install is deprecated -W ignore:easy_install command is deprecated setup.py egg_info --egg-base ../../build/bumperbot_py_examples build --build-base /home/sandeep/bumperbot_ws/build/bumperbot_py_examples/build install --record /home/sandeep/bumperbot_ws/build/bumperbot_py_examples/install.log --single-version-externally-managed install_data
