[0.026s] Invoking command in '/home/sandeep/bumperbot_ws/build/bumperbot_mapping': CMAKE_PREFIX_PATH=${CMAKE_PREFIX_PATH}:/opt/ros/jazzy DEBUGINFOD_URLS=https://debuginfod.ubuntu.com /usr/bin/cmake --build /home/sandeep/bumperbot_ws/build/bumperbot_mapping -- -j8 -l8
[0.139s] [100%] Built target mapping_with_known_poses
[0.360s] Invoked command in '/home/sandeep/bumperbot_ws/build/bumperbot_mapping' returned '0': CMAKE_PREFIX_PATH=${CMAKE_PREFIX_PATH}:/opt/ros/jazzy DEBUGINFOD_URLS=https://debuginfod.ubuntu.com /usr/bin/cmake --build /home/sandeep/bumperbot_ws/build/bumperbot_mapping -- -j8 -l8
[0.360s] Invoking command in '/home/sandeep/bumperbot_ws/build/bumperbot_mapping': CMAKE_PREFIX_PATH=${CMAKE_PREFIX_PATH}:/opt/ros/jazzy DEBUGINFOD_URLS=https://debuginfod.ubuntu.com /usr/bin/cmake --install /home/sandeep/bumperbot_ws/build/bumperbot_mapping
[0.362s] -- Install configuration: ""
[0.362s] -- Up-to-date: /home/sandeep/bumperbot_ws/install/bumperbot_mapping/include/include
[0.362s] -- Up-to-date: /home/sandeep/bumperbot_ws/install/bumperbot_mapping/include/include/bumperbot_mapping
[0.362s] -- Up-to-date: /home/sandeep/bumperbot_ws/install/bumperbot_mapping/include/include/bumperbot_mapping/mapping_with_known_poses.hpp
[0.362s] -- Up-to-date: /home/sandeep/bumperbot_ws/install/bumperbot_mapping/lib/bumperbot_mapping/mapping_with_known_poses
[0.362s] -- Up-to-date: /home/sandeep/bumperbot_ws/install/bumperbot_mapping/share/bumperbot_mapping/maps
[0.362s] -- Up-to-date: /home/sandeep/bumperbot_ws/install/bumperbot_mapping/share/bumperbot_mapping/maps/small_house
[0.363s] -- Up-to-date: /home/sandeep/bumperbot_ws/install/bumperbot_mapping/share/bumperbot_mapping/maps/small_house/map.pgm
[0.363s] -- Up-to-date: /home/sandeep/bumperbot_ws/install/bumperbot_mapping/share/bumperbot_mapping/maps/small_house/map.yaml
[0.363s] -- Up-to-date: /home/sandeep/bumperbot_ws/install/bumperbot_mapping/share/bumperbot_mapping/launch
[0.363s] -- Installing: /home/sandeep/bumperbot_ws/install/bumperbot_mapping/share/bumperbot_mapping/launch/slam.launch.py
[0.363s] -- Up-to-date: /home/sandeep/bumperbot_ws/install/bumperbot_mapping/share/bumperbot_mapping/config
[0.363s] -- Up-to-date: /home/sandeep/bumperbot_ws/install/bumperbot_mapping/share/bumperbot_mapping/config/slam_toolbox.yaml
[0.363s] -- Up-to-date: /home/sandeep/bumperbot_ws/install/bumperbot_mapping/share/ament_index/resource_index/package_run_dependencies/bumperbot_mapping
[0.363s] -- Up-to-date: /home/sandeep/bumperbot_ws/install/bumperbot_mapping/share/ament_index/resource_index/parent_prefix_path/bumperbot_mapping
[0.364s] -- Up-to-date: /home/sandeep/bumperbot_ws/install/bumperbot_mapping/share/bumperbot_mapping/environment/ament_prefix_path.sh
[0.364s] -- Up-to-date: /home/sandeep/bumperbot_ws/install/bumperbot_mapping/share/bumperbot_mapping/environment/ament_prefix_path.dsv
[0.364s] -- Up-to-date: /home/sandeep/bumperbot_ws/install/bumperbot_mapping/share/bumperbot_mapping/environment/path.sh
[0.364s] -- Up-to-date: /home/sandeep/bumperbot_ws/install/bumperbot_mapping/share/bumperbot_mapping/environment/path.dsv
[0.364s] -- Up-to-date: /home/sandeep/bumperbot_ws/install/bumperbot_mapping/share/bumperbot_mapping/local_setup.bash
[0.364s] -- Up-to-date: /home/sandeep/bumperbot_ws/install/bumperbot_mapping/share/bumperbot_mapping/local_setup.sh
[0.364s] -- Up-to-date: /home/sandeep/bumperbot_ws/install/bumperbot_mapping/share/bumperbot_mapping/local_setup.zsh
[0.364s] -- Up-to-date: /home/sandeep/bumperbot_ws/install/bumperbot_mapping/share/bumperbot_mapping/local_setup.dsv
[0.364s] -- Installing: /home/sandeep/bumperbot_ws/install/bumperbot_mapping/share/bumperbot_mapping/package.dsv
[0.365s] -- Up-to-date: /home/sandeep/bumperbot_ws/install/bumperbot_mapping/share/ament_index/resource_index/packages/bumperbot_mapping
[0.365s] -- Up-to-date: /home/sandeep/bumperbot_ws/install/bumperbot_mapping/share/bumperbot_mapping/cmake/bumperbot_mappingConfig.cmake
[0.365s] -- Up-to-date: /home/sandeep/bumperbot_ws/install/bumperbot_mapping/share/bumperbot_mapping/cmake/bumperbot_mappingConfig-version.cmake
[0.365s] -- Up-to-date: /home/sandeep/bumperbot_ws/install/bumperbot_mapping/share/bumperbot_mapping/package.xml
[0.368s] Invoked command in '/home/sandeep/bumperbot_ws/build/bumperbot_mapping' returned '0': CMAKE_PREFIX_PATH=${CMAKE_PREFIX_PATH}:/opt/ros/jazzy DEBUGINFOD_URLS=https://debuginfod.ubuntu.com /usr/bin/cmake --install /home/sandeep/bumperbot_ws/build/bumperbot_mapping
