[0.033s] Invoking command in '/home/sandeep/bumperbot_ws/build/bumperbot_msgs': CMAKE_PREFIX_PATH=${CMAKE_PREFIX_PATH}:/opt/ros/jazzy DEBUGINFOD_URLS=https://debuginfod.ubuntu.com /usr/bin/cmake --build /home/sandeep/bumperbot_ws/build/bumperbot_msgs -- -j8 -l8
[0.126s] [  1%] Built target bumperbot_msgs__rosidl_generator_type_description
[0.151s] [  1%] Built target ament_cmake_python_copy_bumperbot_msgs
[0.170s] [  3%] Built target bumperbot_msgs__cpp
[0.178s] [ 24%] Built target bumperbot_msgs__rosidl_generator_c
[0.382s] [ 33%] Built target bumperbot_msgs__rosidl_typesupport_cpp
[0.382s] [ 42%] Built target bumperbot_msgs__rosidl_typesupport_c
[0.382s] [ 51%] Built target bumperbot_msgs__rosidl_typesupport_introspection_c
[0.382s] [ 61%] Built target bumperbot_msgs__rosidl_typesupport_fastrtps_c
[0.383s] [ 70%] Built target bumperbot_msgs__rosidl_typesupport_fastrtps_cpp
[0.384s] [ 79%] Built target bumperbot_msgs__rosidl_typesupport_introspection_cpp
[0.388s] [ 79%] Built target bumperbot_msgs
[0.391s] [ 81%] Built target bumperbot_msgs__py
[0.394s] [ 88%] Built target bumperbot_msgs__rosidl_generator_py
[0.452s] [ 92%] Built target bumperbot_msgs_s__rosidl_typesupport_fastrtps_c
[0.463s] [ 96%] Built target bumperbot_msgs_s__rosidl_typesupport_introspection_c
[0.466s] [100%] Built target bumperbot_msgs_s__rosidl_typesupport_c
[0.649s] running egg_info
[0.709s] writing bumperbot_msgs.egg-info/PKG-INFO
[0.710s] writing dependency_links to bumperbot_msgs.egg-info/dependency_links.txt
[0.710s] writing top-level names to bumperbot_msgs.egg-info/top_level.txt
[0.815s] reading manifest file 'bumperbot_msgs.egg-info/SOURCES.txt'
[0.816s] writing manifest file 'bumperbot_msgs.egg-info/SOURCES.txt'
[0.857s] [100%] Built target ament_cmake_python_build_bumperbot_msgs_egg
[0.875s] Invoked command in '/home/sandeep/bumperbot_ws/build/bumperbot_msgs' returned '0': CMAKE_PREFIX_PATH=${CMAKE_PREFIX_PATH}:/opt/ros/jazzy DEBUGINFOD_URLS=https://debuginfod.ubuntu.com /usr/bin/cmake --build /home/sandeep/bumperbot_ws/build/bumperbot_msgs -- -j8 -l8
[0.876s] Invoking command in '/home/sandeep/bumperbot_ws/build/bumperbot_msgs': CMAKE_PREFIX_PATH=${CMAKE_PREFIX_PATH}:/opt/ros/jazzy DEBUGINFOD_URLS=https://debuginfod.ubuntu.com /usr/bin/cmake --install /home/sandeep/bumperbot_ws/build/bumperbot_msgs
[0.889s] -- Install configuration: ""
[0.889s] -- Up-to-date: /home/sandeep/bumperbot_ws/install/bumperbot_msgs/share/ament_index/resource_index/rosidl_interfaces/bumperbot_msgs
[0.889s] -- Up-to-date: /home/sandeep/bumperbot_ws/install/bumperbot_msgs/share/bumperbot_msgs/action/Fibonacci.json
[0.889s] -- Up-to-date: /home/sandeep/bumperbot_ws/install/bumperbot_msgs/share/bumperbot_msgs/srv/AddTwoInts.json
[0.889s] -- Up-to-date: /home/sandeep/bumperbot_ws/install/bumperbot_msgs/share/bumperbot_msgs/srv/GetTransform.json
[0.889s] -- Up-to-date: /home/sandeep/bumperbot_ws/install/bumperbot_msgs/include/bumperbot_msgs/bumperbot_msgs
[0.889s] -- Up-to-date: /home/sandeep/bumperbot_ws/install/bumperbot_msgs/include/bumperbot_msgs/bumperbot_msgs/action
[0.889s] -- Up-to-date: /home/sandeep/bumperbot_ws/install/bumperbot_msgs/include/bumperbot_msgs/bumperbot_msgs/action/detail
[0.889s] -- Up-to-date: /home/sandeep/bumperbot_ws/install/bumperbot_msgs/include/bumperbot_msgs/bumperbot_msgs/action/detail/fibonacci__struct.h
[0.890s] -- Up-to-date: /home/sandeep/bumperbot_ws/install/bumperbot_msgs/include/bumperbot_msgs/bumperbot_msgs/action/detail/fibonacci__functions.c
[0.890s] -- Up-to-date: /home/sandeep/bumperbot_ws/install/bumperbot_msgs/include/bumperbot_msgs/bumperbot_msgs/action/detail/fibonacci__functions.h
[0.890s] -- Up-to-date: /home/sandeep/bumperbot_ws/install/bumperbot_msgs/include/bumperbot_msgs/bumperbot_msgs/action/detail/fibonacci__description.c
[0.890s] -- Installing: /home/sandeep/bumperbot_ws/install/bumperbot_msgs/include/bumperbot_msgs/bumperbot_msgs/action/detail/fibonacci__type_support.c
[0.890s] -- Up-to-date: /home/sandeep/bumperbot_ws/install/bumperbot_msgs/include/bumperbot_msgs/bumperbot_msgs/action/detail/fibonacci__type_support.h
[0.890s] -- Up-to-date: /home/sandeep/bumperbot_ws/install/bumperbot_msgs/include/bumperbot_msgs/bumperbot_msgs/action/fibonacci.h
[0.890s] -- Up-to-date: /home/sandeep/bumperbot_ws/install/bumperbot_msgs/include/bumperbot_msgs/bumperbot_msgs/msg
[0.890s] -- Up-to-date: /home/sandeep/bumperbot_ws/install/bumperbot_msgs/include/bumperbot_msgs/bumperbot_msgs/msg/rosidl_generator_c__visibility_control.h
[0.890s] -- Up-to-date: /home/sandeep/bumperbot_ws/install/bumperbot_msgs/include/bumperbot_msgs/bumperbot_msgs/srv
[0.890s] -- Up-to-date: /home/sandeep/bumperbot_ws/install/bumperbot_msgs/include/bumperbot_msgs/bumperbot_msgs/srv/detail
[0.890s] -- Installing: /home/sandeep/bumperbot_ws/install/bumperbot_msgs/include/bumperbot_msgs/bumperbot_msgs/srv/detail/get_transform__type_support.c
[0.891s] -- Up-to-date: /home/sandeep/bumperbot_ws/install/bumperbot_msgs/include/bumperbot_msgs/bumperbot_msgs/srv/detail/get_transform__description.c
[0.891s] -- Up-to-date: /home/sandeep/bumperbot_ws/install/bumperbot_msgs/include/bumperbot_msgs/bumperbot_msgs/srv/detail/add_two_ints__struct.h
[0.891s] -- Up-to-date: /home/sandeep/bumperbot_ws/install/bumperbot_msgs/include/bumperbot_msgs/bumperbot_msgs/srv/detail/get_transform__type_support.h
[0.891s] -- Up-to-date: /home/sandeep/bumperbot_ws/install/bumperbot_msgs/include/bumperbot_msgs/bumperbot_msgs/srv/detail/add_two_ints__description.c
[0.891s] -- Up-to-date: /home/sandeep/bumperbot_ws/install/bumperbot_msgs/include/bumperbot_msgs/bumperbot_msgs/srv/detail/get_transform__struct.h
[0.891s] -- Installing: /home/sandeep/bumperbot_ws/install/bumperbot_msgs/include/bumperbot_msgs/bumperbot_msgs/srv/detail/add_two_ints__type_support.c
[0.891s] -- Up-to-date: /home/sandeep/bumperbot_ws/install/bumperbot_msgs/include/bumperbot_msgs/bumperbot_msgs/srv/detail/add_two_ints__functions.h
[0.891s] -- Up-to-date: /home/sandeep/bumperbot_ws/install/bumperbot_msgs/include/bumperbot_msgs/bumperbot_msgs/srv/detail/add_two_ints__functions.c
[0.891s] -- Up-to-date: /home/sandeep/bumperbot_ws/install/bumperbot_msgs/include/bumperbot_msgs/bumperbot_msgs/srv/detail/add_two_ints__type_support.h
[0.891s] -- Up-to-date: /home/sandeep/bumperbot_ws/install/bumperbot_msgs/include/bumperbot_msgs/bumperbot_msgs/srv/detail/get_transform__functions.c
[0.891s] -- Up-to-date: /home/sandeep/bumperbot_ws/install/bumperbot_msgs/include/bumperbot_msgs/bumperbot_msgs/srv/detail/get_transform__functions.h
[0.891s] -- Up-to-date: /home/sandeep/bumperbot_ws/install/bumperbot_msgs/include/bumperbot_msgs/bumperbot_msgs/srv/get_transform.h
[0.892s] -- Up-to-date: /home/sandeep/bumperbot_ws/install/bumperbot_msgs/include/bumperbot_msgs/bumperbot_msgs/srv/add_two_ints.h
[0.892s] -- Up-to-date: /home/sandeep/bumperbot_ws/install/bumperbot_msgs/share/bumperbot_msgs/environment/library_path.sh
[0.892s] -- Up-to-date: /home/sandeep/bumperbot_ws/install/bumperbot_msgs/share/bumperbot_msgs/environment/library_path.dsv
[0.892s] -- Up-to-date: /home/sandeep/bumperbot_ws/install/bumperbot_msgs/lib/libbumperbot_msgs__rosidl_generator_c.so
[0.892s] -- Up-to-date: /home/sandeep/bumperbot_ws/install/bumperbot_msgs/include/bumperbot_msgs/bumperbot_msgs
[0.892s] -- Up-to-date: /home/sandeep/bumperbot_ws/install/bumperbot_msgs/include/bumperbot_msgs/bumperbot_msgs/action
[0.892s] -- Up-to-date: /home/sandeep/bumperbot_ws/install/bumperbot_msgs/include/bumperbot_msgs/bumperbot_msgs/action/detail
[0.892s] -- Up-to-date: /home/sandeep/bumperbot_ws/install/bumperbot_msgs/include/bumperbot_msgs/bumperbot_msgs/action/detail/fibonacci__rosidl_typesupport_fastrtps_c.h
[0.892s] -- Up-to-date: /home/sandeep/bumperbot_ws/install/bumperbot_msgs/include/bumperbot_msgs/bumperbot_msgs/msg
[0.892s] -- Up-to-date: /home/sandeep/bumperbot_ws/install/bumperbot_msgs/include/bumperbot_msgs/bumperbot_msgs/msg/rosidl_typesupport_fastrtps_c__visibility_control.h
[0.892s] -- Up-to-date: /home/sandeep/bumperbot_ws/install/bumperbot_msgs/include/bumperbot_msgs/bumperbot_msgs/srv
[0.892s] -- Up-to-date: /home/sandeep/bumperbot_ws/install/bumperbot_msgs/include/bumperbot_msgs/bumperbot_msgs/srv/detail
[0.893s] -- Up-to-date: /home/sandeep/bumperbot_ws/install/bumperbot_msgs/include/bumperbot_msgs/bumperbot_msgs/srv/detail/get_transform__rosidl_typesupport_fastrtps_c.h
[0.893s] -- Up-to-date: /home/sandeep/bumperbot_ws/install/bumperbot_msgs/include/bumperbot_msgs/bumperbot_msgs/srv/detail/add_two_ints__rosidl_typesupport_fastrtps_c.h
[0.893s] -- Up-to-date: /home/sandeep/bumperbot_ws/install/bumperbot_msgs/lib/libbumperbot_msgs__rosidl_typesupport_fastrtps_c.so
[0.893s] -- Up-to-date: /home/sandeep/bumperbot_ws/install/bumperbot_msgs/include/bumperbot_msgs/bumperbot_msgs
[0.893s] -- Up-to-date: /home/sandeep/bumperbot_ws/install/bumperbot_msgs/include/bumperbot_msgs/bumperbot_msgs/action
[0.893s] -- Up-to-date: /home/sandeep/bumperbot_ws/install/bumperbot_msgs/include/bumperbot_msgs/bumperbot_msgs/action/fibonacci.hpp
[0.893s] -- Up-to-date: /home/sandeep/bumperbot_ws/install/bumperbot_msgs/include/bumperbot_msgs/bumperbot_msgs/action/detail
[0.893s] -- Up-to-date: /home/sandeep/bumperbot_ws/install/bumperbot_msgs/include/bumperbot_msgs/bumperbot_msgs/action/detail/fibonacci__traits.hpp
[0.893s] -- Up-to-date: /home/sandeep/bumperbot_ws/install/bumperbot_msgs/include/bumperbot_msgs/bumperbot_msgs/action/detail/fibonacci__type_support.hpp
[0.893s] -- Up-to-date: /home/sandeep/bumperbot_ws/install/bumperbot_msgs/include/bumperbot_msgs/bumperbot_msgs/action/detail/fibonacci__struct.hpp
[0.893s] -- Up-to-date: /home/sandeep/bumperbot_ws/install/bumperbot_msgs/include/bumperbot_msgs/bumperbot_msgs/action/detail/fibonacci__builder.hpp
[0.893s] -- Up-to-date: /home/sandeep/bumperbot_ws/install/bumperbot_msgs/include/bumperbot_msgs/bumperbot_msgs/msg
[0.893s] -- Up-to-date: /home/sandeep/bumperbot_ws/install/bumperbot_msgs/include/bumperbot_msgs/bumperbot_msgs/msg/rosidl_generator_cpp__visibility_control.hpp
[0.894s] -- Up-to-date: /home/sandeep/bumperbot_ws/install/bumperbot_msgs/include/bumperbot_msgs/bumperbot_msgs/srv
[0.894s] -- Up-to-date: /home/sandeep/bumperbot_ws/install/bumperbot_msgs/include/bumperbot_msgs/bumperbot_msgs/srv/detail
[0.894s] -- Up-to-date: /home/sandeep/bumperbot_ws/install/bumperbot_msgs/include/bumperbot_msgs/bumperbot_msgs/srv/detail/add_two_ints__builder.hpp
[0.894s] -- Up-to-date: /home/sandeep/bumperbot_ws/install/bumperbot_msgs/include/bumperbot_msgs/bumperbot_msgs/srv/detail/add_two_ints__traits.hpp
[0.894s] -- Up-to-date: /home/sandeep/bumperbot_ws/install/bumperbot_msgs/include/bumperbot_msgs/bumperbot_msgs/srv/detail/get_transform__builder.hpp
[0.894s] -- Up-to-date: /home/sandeep/bumperbot_ws/install/bumperbot_msgs/include/bumperbot_msgs/bumperbot_msgs/srv/detail/get_transform__traits.hpp
[0.894s] -- Up-to-date: /home/sandeep/bumperbot_ws/install/bumperbot_msgs/include/bumperbot_msgs/bumperbot_msgs/srv/detail/add_two_ints__type_support.hpp
[0.894s] -- Up-to-date: /home/sandeep/bumperbot_ws/install/bumperbot_msgs/include/bumperbot_msgs/bumperbot_msgs/srv/detail/get_transform__type_support.hpp
[0.894s] -- Up-to-date: /home/sandeep/bumperbot_ws/install/bumperbot_msgs/include/bumperbot_msgs/bumperbot_msgs/srv/detail/get_transform__struct.hpp
[0.894s] -- Up-to-date: /home/sandeep/bumperbot_ws/install/bumperbot_msgs/include/bumperbot_msgs/bumperbot_msgs/srv/detail/add_two_ints__struct.hpp
[0.894s] -- Up-to-date: /home/sandeep/bumperbot_ws/install/bumperbot_msgs/include/bumperbot_msgs/bumperbot_msgs/srv/add_two_ints.hpp
[0.894s] -- Up-to-date: /home/sandeep/bumperbot_ws/install/bumperbot_msgs/include/bumperbot_msgs/bumperbot_msgs/srv/get_transform.hpp
[0.894s] -- Up-to-date: /home/sandeep/bumperbot_ws/install/bumperbot_msgs/include/bumperbot_msgs/bumperbot_msgs
[0.895s] -- Up-to-date: /home/sandeep/bumperbot_ws/install/bumperbot_msgs/include/bumperbot_msgs/bumperbot_msgs/action
[0.895s] -- Up-to-date: /home/sandeep/bumperbot_ws/install/bumperbot_msgs/include/bumperbot_msgs/bumperbot_msgs/action/detail
[0.895s] -- Up-to-date: /home/sandeep/bumperbot_ws/install/bumperbot_msgs/include/bumperbot_msgs/bumperbot_msgs/action/detail/fibonacci__rosidl_typesupport_fastrtps_cpp.hpp
[0.895s] -- Up-to-date: /home/sandeep/bumperbot_ws/install/bumperbot_msgs/include/bumperbot_msgs/bumperbot_msgs/action/detail/dds_fastrtps
[0.895s] -- Up-to-date: /home/sandeep/bumperbot_ws/install/bumperbot_msgs/include/bumperbot_msgs/bumperbot_msgs/msg
[0.895s] -- Up-to-date: /home/sandeep/bumperbot_ws/install/bumperbot_msgs/include/bumperbot_msgs/bumperbot_msgs/msg/rosidl_typesupport_fastrtps_cpp__visibility_control.h
[0.895s] -- Up-to-date: /home/sandeep/bumperbot_ws/install/bumperbot_msgs/include/bumperbot_msgs/bumperbot_msgs/srv
[0.895s] -- Up-to-date: /home/sandeep/bumperbot_ws/install/bumperbot_msgs/include/bumperbot_msgs/bumperbot_msgs/srv/detail
[0.895s] -- Up-to-date: /home/sandeep/bumperbot_ws/install/bumperbot_msgs/include/bumperbot_msgs/bumperbot_msgs/srv/detail/get_transform__rosidl_typesupport_fastrtps_cpp.hpp
[0.895s] -- Up-to-date: /home/sandeep/bumperbot_ws/install/bumperbot_msgs/include/bumperbot_msgs/bumperbot_msgs/srv/detail/add_two_ints__rosidl_typesupport_fastrtps_cpp.hpp
[0.895s] -- Up-to-date: /home/sandeep/bumperbot_ws/install/bumperbot_msgs/include/bumperbot_msgs/bumperbot_msgs/srv/detail/dds_fastrtps
[0.895s] -- Up-to-date: /home/sandeep/bumperbot_ws/install/bumperbot_msgs/lib/libbumperbot_msgs__rosidl_typesupport_fastrtps_cpp.so
[0.895s] -- Up-to-date: /home/sandeep/bumperbot_ws/install/bumperbot_msgs/include/bumperbot_msgs/bumperbot_msgs
[0.895s] -- Up-to-date: /home/sandeep/bumperbot_ws/install/bumperbot_msgs/include/bumperbot_msgs/bumperbot_msgs/action
[0.896s] -- Up-to-date: /home/sandeep/bumperbot_ws/install/bumperbot_msgs/include/bumperbot_msgs/bumperbot_msgs/action/detail
[0.896s] -- Up-to-date: /home/sandeep/bumperbot_ws/install/bumperbot_msgs/include/bumperbot_msgs/bumperbot_msgs/action/detail/fibonacci__rosidl_typesupport_introspection_c.h
[0.896s] -- Installing: /home/sandeep/bumperbot_ws/install/bumperbot_msgs/include/bumperbot_msgs/bumperbot_msgs/action/detail/fibonacci__type_support.c
[0.896s] -- Up-to-date: /home/sandeep/bumperbot_ws/install/bumperbot_msgs/include/bumperbot_msgs/bumperbot_msgs/msg
[0.896s] -- Up-to-date: /home/sandeep/bumperbot_ws/install/bumperbot_msgs/include/bumperbot_msgs/bumperbot_msgs/msg/rosidl_typesupport_introspection_c__visibility_control.h
[0.896s] -- Up-to-date: /home/sandeep/bumperbot_ws/install/bumperbot_msgs/include/bumperbot_msgs/bumperbot_msgs/srv
[0.896s] -- Up-to-date: /home/sandeep/bumperbot_ws/install/bumperbot_msgs/include/bumperbot_msgs/bumperbot_msgs/srv/detail
[0.896s] -- Installing: /home/sandeep/bumperbot_ws/install/bumperbot_msgs/include/bumperbot_msgs/bumperbot_msgs/srv/detail/get_transform__type_support.c
[0.896s] -- Up-to-date: /home/sandeep/bumperbot_ws/install/bumperbot_msgs/include/bumperbot_msgs/bumperbot_msgs/srv/detail/get_transform__rosidl_typesupport_introspection_c.h
[0.896s] -- Up-to-date: /home/sandeep/bumperbot_ws/install/bumperbot_msgs/include/bumperbot_msgs/bumperbot_msgs/srv/detail/add_two_ints__rosidl_typesupport_introspection_c.h
[0.896s] -- Installing: /home/sandeep/bumperbot_ws/install/bumperbot_msgs/include/bumperbot_msgs/bumperbot_msgs/srv/detail/add_two_ints__type_support.c
[0.896s] -- Up-to-date: /home/sandeep/bumperbot_ws/install/bumperbot_msgs/lib/libbumperbot_msgs__rosidl_typesupport_introspection_c.so
[0.896s] -- Up-to-date: /home/sandeep/bumperbot_ws/install/bumperbot_msgs/lib/libbumperbot_msgs__rosidl_typesupport_c.so
[0.897s] -- Up-to-date: /home/sandeep/bumperbot_ws/install/bumperbot_msgs/include/bumperbot_msgs/bumperbot_msgs
[0.897s] -- Up-to-date: /home/sandeep/bumperbot_ws/install/bumperbot_msgs/include/bumperbot_msgs/bumperbot_msgs/action
[0.897s] -- Up-to-date: /home/sandeep/bumperbot_ws/install/bumperbot_msgs/include/bumperbot_msgs/bumperbot_msgs/action/detail
[0.897s] -- Up-to-date: /home/sandeep/bumperbot_ws/install/bumperbot_msgs/include/bumperbot_msgs/bumperbot_msgs/action/detail/fibonacci__rosidl_typesupport_introspection_cpp.hpp
[0.897s] -- Up-to-date: /home/sandeep/bumperbot_ws/install/bumperbot_msgs/include/bumperbot_msgs/bumperbot_msgs/action/detail/fibonacci__type_support.cpp
[0.897s] -- Up-to-date: /home/sandeep/bumperbot_ws/install/bumperbot_msgs/include/bumperbot_msgs/bumperbot_msgs/srv
[0.897s] -- Up-to-date: /home/sandeep/bumperbot_ws/install/bumperbot_msgs/include/bumperbot_msgs/bumperbot_msgs/srv/detail
[0.897s] -- Up-to-date: /home/sandeep/bumperbot_ws/install/bumperbot_msgs/include/bumperbot_msgs/bumperbot_msgs/srv/detail/add_two_ints__type_support.cpp
[0.898s] -- Up-to-date: /home/sandeep/bumperbot_ws/install/bumperbot_msgs/include/bumperbot_msgs/bumperbot_msgs/srv/detail/get_transform__rosidl_typesupport_introspection_cpp.hpp
[0.898s] -- Up-to-date: /home/sandeep/bumperbot_ws/install/bumperbot_msgs/include/bumperbot_msgs/bumperbot_msgs/srv/detail/add_two_ints__rosidl_typesupport_introspection_cpp.hpp
[0.898s] -- Up-to-date: /home/sandeep/bumperbot_ws/install/bumperbot_msgs/include/bumperbot_msgs/bumperbot_msgs/srv/detail/get_transform__type_support.cpp
[0.898s] -- Up-to-date: /home/sandeep/bumperbot_ws/install/bumperbot_msgs/lib/libbumperbot_msgs__rosidl_typesupport_introspection_cpp.so
[0.898s] -- Up-to-date: /home/sandeep/bumperbot_ws/install/bumperbot_msgs/lib/libbumperbot_msgs__rosidl_typesupport_cpp.so
[0.898s] -- Up-to-date: /home/sandeep/bumperbot_ws/install/bumperbot_msgs/share/bumperbot_msgs/environment/pythonpath.sh
[0.898s] -- Up-to-date: /home/sandeep/bumperbot_ws/install/bumperbot_msgs/share/bumperbot_msgs/environment/pythonpath.dsv
[0.898s] -- Up-to-date: /home/sandeep/bumperbot_ws/install/bumperbot_msgs/lib/python3.12/site-packages/bumperbot_msgs-0.0.0-py3.12.egg-info
[0.898s] -- Installing: /home/sandeep/bumperbot_ws/install/bumperbot_msgs/lib/python3.12/site-packages/bumperbot_msgs-0.0.0-py3.12.egg-info/PKG-INFO
[0.899s] -- Installing: /home/sandeep/bumperbot_ws/install/bumperbot_msgs/lib/python3.12/site-packages/bumperbot_msgs-0.0.0-py3.12.egg-info/dependency_links.txt
[0.899s] -- Installing: /home/sandeep/bumperbot_ws/install/bumperbot_msgs/lib/python3.12/site-packages/bumperbot_msgs-0.0.0-py3.12.egg-info/top_level.txt
[0.899s] -- Installing: /home/sandeep/bumperbot_ws/install/bumperbot_msgs/lib/python3.12/site-packages/bumperbot_msgs-0.0.0-py3.12.egg-info/SOURCES.txt
[0.899s] -- Up-to-date: /home/sandeep/bumperbot_ws/install/bumperbot_msgs/lib/python3.12/site-packages/bumperbot_msgs
[0.899s] -- Up-to-date: /home/sandeep/bumperbot_ws/install/bumperbot_msgs/lib/python3.12/site-packages/bumperbot_msgs/_bumperbot_msgs_s.ep.rosidl_typesupport_introspection_c.c
[0.899s] -- Up-to-date: /home/sandeep/bumperbot_ws/install/bumperbot_msgs/lib/python3.12/site-packages/bumperbot_msgs/action
[0.900s] -- Up-to-date: /home/sandeep/bumperbot_ws/install/bumperbot_msgs/lib/python3.12/site-packages/bumperbot_msgs/action/_fibonacci_s.c
[0.900s] -- Up-to-date: /home/sandeep/bumperbot_ws/install/bumperbot_msgs/lib/python3.12/site-packages/bumperbot_msgs/action/__init__.py
[0.900s] -- Up-to-date: /home/sandeep/bumperbot_ws/install/bumperbot_msgs/lib/python3.12/site-packages/bumperbot_msgs/action/_fibonacci.py
[0.900s] -- Up-to-date: /home/sandeep/bumperbot_ws/install/bumperbot_msgs/lib/python3.12/site-packages/bumperbot_msgs/_bumperbot_msgs_s.ep.rosidl_typesupport_fastrtps_c.c
[0.900s] -- Up-to-date: /home/sandeep/bumperbot_ws/install/bumperbot_msgs/lib/python3.12/site-packages/bumperbot_msgs/bumperbot_msgs_s__rosidl_typesupport_c.so
[0.900s] -- Up-to-date: /home/sandeep/bumperbot_ws/install/bumperbot_msgs/lib/python3.12/site-packages/bumperbot_msgs/_bumperbot_msgs_s.ep.rosidl_typesupport_c.c
[0.900s] -- Up-to-date: /home/sandeep/bumperbot_ws/install/bumperbot_msgs/lib/python3.12/site-packages/bumperbot_msgs/bumperbot_msgs_s__rosidl_typesupport_introspection_c.so
[0.900s] -- Up-to-date: /home/sandeep/bumperbot_ws/install/bumperbot_msgs/lib/python3.12/site-packages/bumperbot_msgs/bumperbot_msgs_s__rosidl_typesupport_fastrtps_c.so
[0.900s] -- Up-to-date: /home/sandeep/bumperbot_ws/install/bumperbot_msgs/lib/python3.12/site-packages/bumperbot_msgs/__init__.py
[0.901s] -- Up-to-date: /home/sandeep/bumperbot_ws/install/bumperbot_msgs/lib/python3.12/site-packages/bumperbot_msgs/srv
[0.901s] -- Up-to-date: /home/sandeep/bumperbot_ws/install/bumperbot_msgs/lib/python3.12/site-packages/bumperbot_msgs/srv/_get_transform.py
[0.901s] -- Up-to-date: /home/sandeep/bumperbot_ws/install/bumperbot_msgs/lib/python3.12/site-packages/bumperbot_msgs/srv/_get_transform_s.c
[0.901s] -- Up-to-date: /home/sandeep/bumperbot_ws/install/bumperbot_msgs/lib/python3.12/site-packages/bumperbot_msgs/srv/_add_two_ints_s.c
[0.901s] -- Up-to-date: /home/sandeep/bumperbot_ws/install/bumperbot_msgs/lib/python3.12/site-packages/bumperbot_msgs/srv/_add_two_ints.py
[0.901s] -- Up-to-date: /home/sandeep/bumperbot_ws/install/bumperbot_msgs/lib/python3.12/site-packages/bumperbot_msgs/srv/__init__.py
[0.937s] Listing '/home/sandeep/bumperbot_ws/install/bumperbot_msgs/lib/python3.12/site-packages/bumperbot_msgs'...
[0.937s] Listing '/home/sandeep/bumperbot_ws/install/bumperbot_msgs/lib/python3.12/site-packages/bumperbot_msgs/action'...
[0.937s] Listing '/home/sandeep/bumperbot_ws/install/bumperbot_msgs/lib/python3.12/site-packages/bumperbot_msgs/srv'...
[0.944s] -- Up-to-date: /home/sandeep/bumperbot_ws/install/bumperbot_msgs/lib/python3.12/site-packages/bumperbot_msgs/bumperbot_msgs_s__rosidl_typesupport_fastrtps_c.so
[0.945s] -- Up-to-date: /home/sandeep/bumperbot_ws/install/bumperbot_msgs/lib/python3.12/site-packages/bumperbot_msgs/bumperbot_msgs_s__rosidl_typesupport_introspection_c.so
[0.945s] -- Up-to-date: /home/sandeep/bumperbot_ws/install/bumperbot_msgs/lib/python3.12/site-packages/bumperbot_msgs/bumperbot_msgs_s__rosidl_typesupport_c.so
[0.946s] -- Up-to-date: /home/sandeep/bumperbot_ws/install/bumperbot_msgs/lib/libbumperbot_msgs__rosidl_generator_py.so
[0.946s] -- Up-to-date: /home/sandeep/bumperbot_ws/install/bumperbot_msgs/share/bumperbot_msgs/action/Fibonacci.idl
[0.946s] -- Up-to-date: /home/sandeep/bumperbot_ws/install/bumperbot_msgs/share/bumperbot_msgs/srv/AddTwoInts.idl
[0.946s] -- Up-to-date: /home/sandeep/bumperbot_ws/install/bumperbot_msgs/share/bumperbot_msgs/srv/GetTransform.idl
[0.947s] -- Up-to-date: /home/sandeep/bumperbot_ws/install/bumperbot_msgs/share/bumperbot_msgs/action/Fibonacci.action
[0.947s] -- Up-to-date: /home/sandeep/bumperbot_ws/install/bumperbot_msgs/share/bumperbot_msgs/srv/AddTwoInts.srv
[0.947s] -- Up-to-date: /home/sandeep/bumperbot_ws/install/bumperbot_msgs/share/bumperbot_msgs/srv/GetTransform.srv
[0.947s] -- Up-to-date: /home/sandeep/bumperbot_ws/install/bumperbot_msgs/share/ament_index/resource_index/package_run_dependencies/bumperbot_msgs
[0.947s] -- Up-to-date: /home/sandeep/bumperbot_ws/install/bumperbot_msgs/share/ament_index/resource_index/parent_prefix_path/bumperbot_msgs
[0.947s] -- Up-to-date: /home/sandeep/bumperbot_ws/install/bumperbot_msgs/share/bumperbot_msgs/environment/ament_prefix_path.sh
[0.947s] -- Up-to-date: /home/sandeep/bumperbot_ws/install/bumperbot_msgs/share/bumperbot_msgs/environment/ament_prefix_path.dsv
[0.947s] -- Up-to-date: /home/sandeep/bumperbot_ws/install/bumperbot_msgs/share/bumperbot_msgs/environment/path.sh
[0.948s] -- Up-to-date: /home/sandeep/bumperbot_ws/install/bumperbot_msgs/share/bumperbot_msgs/environment/path.dsv
[0.948s] -- Up-to-date: /home/sandeep/bumperbot_ws/install/bumperbot_msgs/share/bumperbot_msgs/local_setup.bash
[0.948s] -- Up-to-date: /home/sandeep/bumperbot_ws/install/bumperbot_msgs/share/bumperbot_msgs/local_setup.sh
[0.948s] -- Up-to-date: /home/sandeep/bumperbot_ws/install/bumperbot_msgs/share/bumperbot_msgs/local_setup.zsh
[0.948s] -- Up-to-date: /home/sandeep/bumperbot_ws/install/bumperbot_msgs/share/bumperbot_msgs/local_setup.dsv
[0.948s] -- Installing: /home/sandeep/bumperbot_ws/install/bumperbot_msgs/share/bumperbot_msgs/package.dsv
[0.948s] -- Up-to-date: /home/sandeep/bumperbot_ws/install/bumperbot_msgs/share/ament_index/resource_index/packages/bumperbot_msgs
[0.948s] -- Up-to-date: /home/sandeep/bumperbot_ws/install/bumperbot_msgs/share/bumperbot_msgs/cmake/export_bumperbot_msgs__rosidl_generator_cExport.cmake
[0.949s] -- Up-to-date: /home/sandeep/bumperbot_ws/install/bumperbot_msgs/share/bumperbot_msgs/cmake/export_bumperbot_msgs__rosidl_generator_cExport-noconfig.cmake
[0.949s] -- Up-to-date: /home/sandeep/bumperbot_ws/install/bumperbot_msgs/share/bumperbot_msgs/cmake/export_bumperbot_msgs__rosidl_typesupport_fastrtps_cExport.cmake
[0.949s] -- Up-to-date: /home/sandeep/bumperbot_ws/install/bumperbot_msgs/share/bumperbot_msgs/cmake/export_bumperbot_msgs__rosidl_typesupport_fastrtps_cExport-noconfig.cmake
[0.949s] -- Up-to-date: /home/sandeep/bumperbot_ws/install/bumperbot_msgs/share/bumperbot_msgs/cmake/export_bumperbot_msgs__rosidl_generator_cppExport.cmake
[0.949s] -- Up-to-date: /home/sandeep/bumperbot_ws/install/bumperbot_msgs/share/bumperbot_msgs/cmake/export_bumperbot_msgs__rosidl_typesupport_fastrtps_cppExport.cmake
[0.949s] -- Up-to-date: /home/sandeep/bumperbot_ws/install/bumperbot_msgs/share/bumperbot_msgs/cmake/export_bumperbot_msgs__rosidl_typesupport_fastrtps_cppExport-noconfig.cmake
[0.949s] -- Up-to-date: /home/sandeep/bumperbot_ws/install/bumperbot_msgs/share/bumperbot_msgs/cmake/bumperbot_msgs__rosidl_typesupport_introspection_cExport.cmake
[0.950s] -- Up-to-date: /home/sandeep/bumperbot_ws/install/bumperbot_msgs/share/bumperbot_msgs/cmake/bumperbot_msgs__rosidl_typesupport_introspection_cExport-noconfig.cmake
[0.950s] -- Up-to-date: /home/sandeep/bumperbot_ws/install/bumperbot_msgs/share/bumperbot_msgs/cmake/bumperbot_msgs__rosidl_typesupport_cExport.cmake
[0.950s] -- Up-to-date: /home/sandeep/bumperbot_ws/install/bumperbot_msgs/share/bumperbot_msgs/cmake/bumperbot_msgs__rosidl_typesupport_cExport-noconfig.cmake
[0.950s] -- Up-to-date: /home/sandeep/bumperbot_ws/install/bumperbot_msgs/share/bumperbot_msgs/cmake/bumperbot_msgs__rosidl_typesupport_introspection_cppExport.cmake
[0.950s] -- Up-to-date: /home/sandeep/bumperbot_ws/install/bumperbot_msgs/share/bumperbot_msgs/cmake/bumperbot_msgs__rosidl_typesupport_introspection_cppExport-noconfig.cmake
[0.950s] -- Up-to-date: /home/sandeep/bumperbot_ws/install/bumperbot_msgs/share/bumperbot_msgs/cmake/bumperbot_msgs__rosidl_typesupport_cppExport.cmake
[0.951s] -- Up-to-date: /home/sandeep/bumperbot_ws/install/bumperbot_msgs/share/bumperbot_msgs/cmake/bumperbot_msgs__rosidl_typesupport_cppExport-noconfig.cmake
[0.951s] -- Up-to-date: /home/sandeep/bumperbot_ws/install/bumperbot_msgs/share/bumperbot_msgs/cmake/export_bumperbot_msgs__rosidl_generator_pyExport.cmake
[0.951s] -- Up-to-date: /home/sandeep/bumperbot_ws/install/bumperbot_msgs/share/bumperbot_msgs/cmake/export_bumperbot_msgs__rosidl_generator_pyExport-noconfig.cmake
[0.951s] -- Up-to-date: /home/sandeep/bumperbot_ws/install/bumperbot_msgs/share/bumperbot_msgs/cmake/rosidl_cmake-extras.cmake
[0.951s] -- Up-to-date: /home/sandeep/bumperbot_ws/install/bumperbot_msgs/share/bumperbot_msgs/cmake/ament_cmake_export_dependencies-extras.cmake
[0.951s] -- Up-to-date: /home/sandeep/bumperbot_ws/install/bumperbot_msgs/share/bumperbot_msgs/cmake/ament_cmake_export_include_directories-extras.cmake
[0.951s] -- Up-to-date: /home/sandeep/bumperbot_ws/install/bumperbot_msgs/share/bumperbot_msgs/cmake/ament_cmake_export_libraries-extras.cmake
[0.951s] -- Up-to-date: /home/sandeep/bumperbot_ws/install/bumperbot_msgs/share/bumperbot_msgs/cmake/ament_cmake_export_targets-extras.cmake
[0.952s] -- Up-to-date: /home/sandeep/bumperbot_ws/install/bumperbot_msgs/share/bumperbot_msgs/cmake/rosidl_cmake_export_typesupport_targets-extras.cmake
[0.952s] -- Up-to-date: /home/sandeep/bumperbot_ws/install/bumperbot_msgs/share/bumperbot_msgs/cmake/rosidl_cmake_export_typesupport_libraries-extras.cmake
[0.952s] -- Up-to-date: /home/sandeep/bumperbot_ws/install/bumperbot_msgs/share/bumperbot_msgs/cmake/bumperbot_msgsConfig.cmake
[0.952s] -- Up-to-date: /home/sandeep/bumperbot_ws/install/bumperbot_msgs/share/bumperbot_msgs/cmake/bumperbot_msgsConfig-version.cmake
[0.952s] -- Up-to-date: /home/sandeep/bumperbot_ws/install/bumperbot_msgs/share/bumperbot_msgs/package.xml
[0.954s] Invoked command in '/home/sandeep/bumperbot_ws/build/bumperbot_msgs' returned '0': CMAKE_PREFIX_PATH=${CMAKE_PREFIX_PATH}:/opt/ros/jazzy DEBUGINFOD_URLS=https://debuginfod.ubuntu.com /usr/bin/cmake --install /home/sandeep/bumperbot_ws/build/bumperbot_msgs
