[0.027s] Invoking command in '/home/sandeep/bumperbot_ws/build/bumperbot_firmware': CMAKE_PREFIX_PATH=${CMAKE_PREFIX_PATH}:/opt/ros/jazzy DEBUGINFOD_URLS=https://debuginfod.ubuntu.com /usr/bin/cmake --build /home/sandeep/bumperbot_ws/build/bumperbot_firmware -- -j8 -l8
[0.122s] [ 33%] Built target simple_serial_transmitter
[0.125s] [ 66%] Built target simple_serial_receiver
[0.126s] [100%] Built target bumperbot_firmware
[0.130s] [100%] Built target ament_cmake_python_copy_bumperbot_firmware
[0.485s] running egg_info
[0.522s] writing bumperbot_firmware.egg-info/PKG-INFO
[0.523s] writing dependency_links to bumperbot_firmware.egg-info/dependency_links.txt
[0.523s] writing top-level names to bumperbot_firmware.egg-info/top_level.txt
[0.640s] reading manifest file 'bumperbot_firmware.egg-info/SOURCES.txt'
[0.640s] writing manifest file 'bumperbot_firmware.egg-info/SOURCES.txt'
[0.684s] [100%] Built target ament_cmake_python_build_bumperbot_firmware_egg
[0.701s] Invoked command in '/home/sandeep/bumperbot_ws/build/bumperbot_firmware' returned '0': CMAKE_PREFIX_PATH=${CMAKE_PREFIX_PATH}:/opt/ros/jazzy DEBUGINFOD_URLS=https://debuginfod.ubuntu.com /usr/bin/cmake --build /home/sandeep/bumperbot_ws/build/bumperbot_firmware -- -j8 -l8
[0.702s] Invoking command in '/home/sandeep/bumperbot_ws/build/bumperbot_firmware': CMAKE_PREFIX_PATH=${CMAKE_PREFIX_PATH}:/opt/ros/jazzy DEBUGINFOD_URLS=https://debuginfod.ubuntu.com /usr/bin/cmake --install /home/sandeep/bumperbot_ws/build/bumperbot_firmware
[0.722s] -- Install configuration: ""
[0.722s] -- Up-to-date: /home/sandeep/bumperbot_ws/install/bumperbot_firmware/share/bumperbot_firmware/environment/pythonpath.sh
[0.722s] -- Up-to-date: /home/sandeep/bumperbot_ws/install/bumperbot_firmware/share/bumperbot_firmware/environment/pythonpath.dsv
[0.722s] -- Up-to-date: /home/sandeep/bumperbot_ws/install/bumperbot_firmware/lib/python3.12/site-packages/bumperbot_firmware-0.0.0-py3.12.egg-info
[0.723s] -- Installing: /home/sandeep/bumperbot_ws/install/bumperbot_firmware/lib/python3.12/site-packages/bumperbot_firmware-0.0.0-py3.12.egg-info/PKG-INFO
[0.723s] -- Installing: /home/sandeep/bumperbot_ws/install/bumperbot_firmware/lib/python3.12/site-packages/bumperbot_firmware-0.0.0-py3.12.egg-info/dependency_links.txt
[0.723s] -- Installing: /home/sandeep/bumperbot_ws/install/bumperbot_firmware/lib/python3.12/site-packages/bumperbot_firmware-0.0.0-py3.12.egg-info/top_level.txt
[0.723s] -- Installing: /home/sandeep/bumperbot_ws/install/bumperbot_firmware/lib/python3.12/site-packages/bumperbot_firmware-0.0.0-py3.12.egg-info/SOURCES.txt
[0.723s] -- Up-to-date: /home/sandeep/bumperbot_ws/install/bumperbot_firmware/lib/python3.12/site-packages/bumperbot_firmware
[0.723s] -- Up-to-date: /home/sandeep/bumperbot_ws/install/bumperbot_firmware/lib/python3.12/site-packages/bumperbot_firmware/simple_serial_receiver.py
[0.723s] -- Up-to-date: /home/sandeep/bumperbot_ws/install/bumperbot_firmware/lib/python3.12/site-packages/bumperbot_firmware/simple_serial_transmitter.py
[0.723s] -- Up-to-date: /home/sandeep/bumperbot_ws/install/bumperbot_firmware/lib/python3.12/site-packages/bumperbot_firmware/mpu6050_driver.py
[0.723s] -- Up-to-date: /home/sandeep/bumperbot_ws/install/bumperbot_firmware/lib/python3.12/site-packages/bumperbot_firmware/__init__.py
[0.753s] Listing '/home/sandeep/bumperbot_ws/install/bumperbot_firmware/lib/python3.12/site-packages/bumperbot_firmware'...
[0.758s] -- Up-to-date: /home/sandeep/bumperbot_ws/install/bumperbot_firmware/share/bumperbot_firmware/bumperbot_interface.xml
[0.758s] -- Up-to-date: /home/sandeep/bumperbot_ws/install/bumperbot_firmware/lib/libbumperbot_firmware.so
[0.759s] -- Up-to-date: /home/sandeep/bumperbot_ws/install/bumperbot_firmware/include/include
[0.759s] -- Up-to-date: /home/sandeep/bumperbot_ws/install/bumperbot_firmware/include/include/bumperbot_firmware
[0.759s] -- Up-to-date: /home/sandeep/bumperbot_ws/install/bumperbot_firmware/include/include/bumperbot_firmware/bumperbot_interface.hpp
[0.759s] -- Up-to-date: /home/sandeep/bumperbot_ws/install/bumperbot_firmware/share/bumperbot_firmware/launch
[0.759s] -- Up-to-date: /home/sandeep/bumperbot_ws/install/bumperbot_firmware/share/bumperbot_firmware/launch/hardware_interface.launch.py
[0.759s] -- Up-to-date: /home/sandeep/bumperbot_ws/install/bumperbot_firmware/lib/bumperbot_firmware/simple_serial_transmitter.py
[0.759s] -- Up-to-date: /home/sandeep/bumperbot_ws/install/bumperbot_firmware/lib/bumperbot_firmware/simple_serial_receiver.py
[0.760s] -- Up-to-date: /home/sandeep/bumperbot_ws/install/bumperbot_firmware/lib/bumperbot_firmware/mpu6050_driver.py
[0.760s] -- Up-to-date: /home/sandeep/bumperbot_ws/install/bumperbot_firmware/lib/bumperbot_firmware/simple_serial_receiver
[0.760s] -- Up-to-date: /home/sandeep/bumperbot_ws/install/bumperbot_firmware/lib/bumperbot_firmware/simple_serial_transmitter
[0.760s] -- Up-to-date: /home/sandeep/bumperbot_ws/install/bumperbot_firmware/share/bumperbot_firmware/environment/library_path.sh
[0.760s] -- Up-to-date: /home/sandeep/bumperbot_ws/install/bumperbot_firmware/share/bumperbot_firmware/environment/library_path.dsv
[0.760s] -- Up-to-date: /home/sandeep/bumperbot_ws/install/bumperbot_firmware/share/ament_index/resource_index/package_run_dependencies/bumperbot_firmware
[0.761s] -- Up-to-date: /home/sandeep/bumperbot_ws/install/bumperbot_firmware/share/ament_index/resource_index/parent_prefix_path/bumperbot_firmware
[0.761s] -- Up-to-date: /home/sandeep/bumperbot_ws/install/bumperbot_firmware/share/bumperbot_firmware/environment/ament_prefix_path.sh
[0.761s] -- Up-to-date: /home/sandeep/bumperbot_ws/install/bumperbot_firmware/share/bumperbot_firmware/environment/ament_prefix_path.dsv
[0.761s] -- Up-to-date: /home/sandeep/bumperbot_ws/install/bumperbot_firmware/share/bumperbot_firmware/environment/path.sh
[0.761s] -- Up-to-date: /home/sandeep/bumperbot_ws/install/bumperbot_firmware/share/bumperbot_firmware/environment/path.dsv
[0.761s] -- Up-to-date: /home/sandeep/bumperbot_ws/install/bumperbot_firmware/share/bumperbot_firmware/local_setup.bash
[0.761s] -- Up-to-date: /home/sandeep/bumperbot_ws/install/bumperbot_firmware/share/bumperbot_firmware/local_setup.sh
[0.761s] -- Up-to-date: /home/sandeep/bumperbot_ws/install/bumperbot_firmware/share/bumperbot_firmware/local_setup.zsh
[0.761s] -- Up-to-date: /home/sandeep/bumperbot_ws/install/bumperbot_firmware/share/bumperbot_firmware/local_setup.dsv
[0.761s] -- Installing: /home/sandeep/bumperbot_ws/install/bumperbot_firmware/share/bumperbot_firmware/package.dsv
[0.762s] -- Up-to-date: /home/sandeep/bumperbot_ws/install/bumperbot_firmware/share/ament_index/resource_index/packages/bumperbot_firmware
[0.762s] -- Up-to-date: /home/sandeep/bumperbot_ws/install/bumperbot_firmware/share/ament_index/resource_index/hardware_interface__pluginlib__plugin/bumperbot_firmware
[0.762s] -- Up-to-date: /home/sandeep/bumperbot_ws/install/bumperbot_firmware/share/bumperbot_firmware/cmake/ament_cmake_export_include_directories-extras.cmake
[0.762s] -- Up-to-date: /home/sandeep/bumperbot_ws/install/bumperbot_firmware/share/bumperbot_firmware/cmake/ament_cmake_export_libraries-extras.cmake
[0.762s] -- Up-to-date: /home/sandeep/bumperbot_ws/install/bumperbot_firmware/share/bumperbot_firmware/cmake/ament_cmake_export_dependencies-extras.cmake
[0.762s] -- Up-to-date: /home/sandeep/bumperbot_ws/install/bumperbot_firmware/share/bumperbot_firmware/cmake/bumperbot_firmwareConfig.cmake
[0.762s] -- Up-to-date: /home/sandeep/bumperbot_ws/install/bumperbot_firmware/share/bumperbot_firmware/cmake/bumperbot_firmwareConfig-version.cmake
[0.762s] -- Up-to-date: /home/sandeep/bumperbot_ws/install/bumperbot_firmware/share/bumperbot_firmware/package.xml
[0.763s] Invoked command in '/home/sandeep/bumperbot_ws/build/bumperbot_firmware' returned '0': CMAKE_PREFIX_PATH=${CMAKE_PREFIX_PATH}:/opt/ros/jazzy DEBUGINFOD_URLS=https://debuginfod.ubuntu.com /usr/bin/cmake --install /home/sandeep/bumperbot_ws/build/bumperbot_firmware
